#
# A fatal error has been detected by the Java Runtime Environment:
#
#  Internal Error (assembler_x86.cpp:1094), pid=9148, tid=2696
#  Error: ShouldNotReachHere()
#
# JRE version: OpenJDK Runtime Environment (17.0.6) (build 17.0.6+0-b2043.56-10027231)
# Java VM: OpenJDK 64-Bit Server VM (17.0.6+0-b2043.56-10027231, mixed mode, tiered, compressed oops, compressed class ptrs, g1 gc, windows-amd64)
# No core dump will be written. Minidumps are not enabled by default on client versions of Windows
#
# If you would like to submit a bug report, please visit:
#   https://bugreport.java.com/bugreport/crash.jsp
#

---------------  S U M M A R Y ------------

Command Line: --add-opens=java.base/java.util=ALL-UNNAMED --add-opens=java.base/java.lang=ALL-UNNAMED --add-opens=java.base/java.lang.invoke=ALL-UNNAMED --add-opens=java.base/java.util=ALL-UNNAMED --add-opens=java.prefs/java.util.prefs=ALL-UNNAMED --add-opens=java.prefs/java.util.prefs=ALL-UNNAMED --add-opens=java.base/java.nio.charset=ALL-UNNAMED --add-opens=java.base/java.net=ALL-UNNAMED --add-opens=java.base/java.util.concurrent.atomic=ALL-UNNAMED -Xmx2048m -Dfile.encoding=UTF-8 -Duser.country=RU -Duser.language=ru -Duser.variant org.gradle.launcher.daemon.bootstrap.GradleDaemon 7.5

Host: Intel(R) Core(TM) i5-2430M CPU @ 2.40GHz, 4 cores, 7G,  Windows 10 , 64 bit Build 19041 (10.0.19041.1806)
Time: Thu Dec  7 16:10:04 2023  Windows 10 , 64 bit Build 19041 (10.0.19041.1806) elapsed time: 43.421616 seconds (0d 0h 0m 43s)

---------------  T H R E A D  ---------------

Current thread (0x000001ef9192df00):  JavaThread "Sweeper thread" daemon [_thread_in_vm, id=2696, stack(0x0000001d09200000,0x0000001d09300000)]

Stack: [0x0000001d09200000,0x0000001d09300000]
Native frames: (J=compiled Java code, j=interpreted, Vv=VM code, C=native code)
V  [jvm.dll+0x683c9a]
V  [jvm.dll+0x8427a4]
V  [jvm.dll+0x843f9e]
V  [jvm.dll+0x8445b7]
V  [jvm.dll+0x249aac]
V  [jvm.dll+0x2499f3]
V  [jvm.dll+0xd259c]
V  [jvm.dll+0x6d3902]
V  [jvm.dll+0x232206]
V  [jvm.dll+0x231f9b]
V  [jvm.dll+0x7ae42b]
V  [jvm.dll+0x7ae7f2]
V  [jvm.dll+0x7aef43]
V  [jvm.dll+0x7f81ec]
V  [jvm.dll+0x7f274a]
V  [jvm.dll+0x682ad5]
C  [ucrtbase.dll+0x21bb2]
C  [KERNEL32.DLL+0x17034]
C  [ntdll.dll+0x52651]


---------------  P R O C E S S  ---------------

Threads class SMR info:
_java_thread_list=0x000001ef93336600, length=86, elements={
0x000001eff7071430, 0x000001efff623a10, 0x000001efff624b00, 0x000001efff66d770,
0x000001efff66e120, 0x000001efff66ead0, 0x000001ef91928550, 0x000001ef9192c730,
0x000001ef9192d120, 0x000001ef9192df00, 0x000001ef91ab8cc0, 0x000001ef91abde30,
0x000001ef94c03d00, 0x000001ef93233610, 0x000001ef932ac150, 0x000001ef942ed6c0,
0x000001ef946a97f0, 0x000001ef925b8700, 0x000001ef925b8bd0, 0x000001ef94428490,
0x000001ef94427fc0, 0x000001ef94427150, 0x000001ef94428960, 0x000001ef94427620,
0x000001ef94427af0, 0x000001ef943890a0, 0x000001ef94387d60, 0x000001ef9438a3e0,
0x000001ef94389f10, 0x000001ef9438a8b0, 0x000001ef94387890, 0x000001ef94386080,
0x000001ef94388230, 0x000001ef94389570, 0x000001ef94385210, 0x000001ef94383a00,
0x000001ef943843a0, 0x000001ef94384870, 0x000001ef943856e0, 0x000001ef94386550,
0x000001ef94385bb0, 0x000001ef94389a40, 0x000001ef94386a20, 0x000001ef943873c0,
0x000001ef9280b620, 0x000001ef9280a2e0, 0x000001ef92809940, 0x000001ef9280a7b0,
0x000001ef9280b150, 0x000001ef92809e10, 0x000001ef9280ac80, 0x000001ef92810cc0,
0x000001ef9280f980, 0x000001ef9280baf0, 0x000001ef9280eb10, 0x000001ef9280bfc0,
0x000001ef9280e640, 0x000001ef9280f4b0, 0x000001ef9280c960, 0x000001ef9280d7d0,
0x000001ef92810320, 0x000001ef9280c490, 0x000001ef9280efe0, 0x000001ef9280ce30,
0x000001ef9280d300, 0x000001ef92811190, 0x000001ef9280fe50, 0x000001ef928107f0,
0x000001ef9280dca0, 0x000001ef9280e170, 0x000001ef91ea1440, 0x000001ef91e9cc10,
0x000001ef91e9e8f0, 0x000001ef91e9d0e0, 0x000001ef91e9e420, 0x000001ef91e9b8d0,
0x000001ef91e9df50, 0x000001ef91e9d5b0, 0x000001ef91ea0f70, 0x000001ef91ea1910,
0x000001ef91ea22b0, 0x000001ef91ea2780, 0x000001ef91e9c740, 0x000001ef91ea2c50,
0x000001ef91e9f760, 0x000001ef91ea0100
}

Java Threads: ( => current thread )
  0x000001eff7071430 JavaThread "main" [_thread_blocked, id=6584, stack(0x0000001d08300000,0x0000001d08400000)]
  0x000001efff623a10 JavaThread "Reference Handler" daemon [_thread_blocked, id=13024, stack(0x0000001d08a00000,0x0000001d08b00000)]
  0x000001efff624b00 JavaThread "Finalizer" daemon [_thread_blocked, id=4784, stack(0x0000001d08b00000,0x0000001d08c00000)]
  0x000001efff66d770 JavaThread "Signal Dispatcher" daemon [_thread_blocked, id=10360, stack(0x0000001d08c00000,0x0000001d08d00000)]
  0x000001efff66e120 JavaThread "Attach Listener" daemon [_thread_blocked, id=13692, stack(0x0000001d08d00000,0x0000001d08e00000)]
  0x000001efff66ead0 JavaThread "Service Thread" daemon [_thread_blocked, id=1116, stack(0x0000001d08e00000,0x0000001d08f00000)]
  0x000001ef91928550 JavaThread "Monitor Deflation Thread" daemon [_thread_blocked, id=12048, stack(0x0000001d08f00000,0x0000001d09000000)]
  0x000001ef9192c730 JavaThread "C2 CompilerThread0" daemon [_thread_blocked, id=8700, stack(0x0000001d09000000,0x0000001d09100000)]
  0x000001ef9192d120 JavaThread "C1 CompilerThread0" daemon [_thread_blocked, id=5760, stack(0x0000001d09100000,0x0000001d09200000)]
=>0x000001ef9192df00 JavaThread "Sweeper thread" daemon [_thread_in_vm, id=2696, stack(0x0000001d09200000,0x0000001d09300000)]
  0x000001ef91ab8cc0 JavaThread "Common-Cleaner" daemon [_thread_blocked, id=13168, stack(0x0000001d09300000,0x0000001d09400000)]
  0x000001ef91abde30 JavaThread "Notification Thread" daemon [_thread_blocked, id=3420, stack(0x0000001d09400000,0x0000001d09500000)]
  0x000001ef94c03d00 JavaThread "Daemon health stats" [_thread_blocked, id=4112, stack(0x0000001d09a00000,0x0000001d09b00000)]
  0x000001ef93233610 JavaThread "Incoming local TCP Connector on port 59310" [_thread_in_native, id=8868, stack(0x0000001d09b00000,0x0000001d09c00000)]
  0x000001ef932ac150 JavaThread "Daemon periodic checks" [_thread_blocked, id=11736, stack(0x0000001d09c00000,0x0000001d09d00000)]
  0x000001ef942ed6c0 JavaThread "Daemon" [_thread_blocked, id=6140, stack(0x0000001d09d00000,0x0000001d09e00000)]
  0x000001ef946a97f0 JavaThread "Handler for socket connection from /127.0.0.1:59310 to /127.0.0.1:59312" [_thread_in_native, id=6884, stack(0x0000001d09e00000,0x0000001d09f00000)]
  0x000001ef925b8700 JavaThread "Cancel handler" [_thread_blocked, id=2436, stack(0x0000001d09f00000,0x0000001d0a000000)]
  0x000001ef925b8bd0 JavaThread "Daemon worker" [_thread_blocked, id=13076, stack(0x0000001d0a000000,0x0000001d0a100000)]
  0x000001ef94428490 JavaThread "Asynchronous log dispatcher for DefaultDaemonConnection: socket connection from /127.0.0.1:59310 to /127.0.0.1:59312" [_thread_blocked, id=8008, stack(0x0000001d0a100000,0x0000001d0a200000)]
  0x000001ef94427fc0 JavaThread "Stdin handler" [_thread_blocked, id=2644, stack(0x0000001d0a200000,0x0000001d0a300000)]
  0x000001ef94427150 JavaThread "Daemon client event forwarder" [_thread_blocked, id=10148, stack(0x0000001d0a300000,0x0000001d0a400000)]
  0x000001ef94428960 JavaThread "Cache worker for journal cache (C:\Users\user\.gradle\caches\journal-1)" [_thread_blocked, id=10812, stack(0x0000001d09600000,0x0000001d09700000)]
  0x000001ef94427620 JavaThread "File lock request listener" [_thread_in_native, id=10568, stack(0x0000001d0a400000,0x0000001d0a500000)]
  0x000001ef94427af0 JavaThread "Cache worker for file hash cache (C:\Users\user\.gradle\caches\7.5\fileHashes)" [_thread_blocked, id=8704, stack(0x0000001d0a500000,0x0000001d0a600000)]
  0x000001ef943890a0 JavaThread "File watcher server" daemon [_thread_in_native, id=10048, stack(0x0000001d0a700000,0x0000001d0a800000)]
  0x000001ef94387d60 JavaThread "File watcher consumer" daemon [_thread_in_vm, id=12032, stack(0x0000001d0a800000,0x0000001d0a900000)]
  0x000001ef9438a3e0 JavaThread "Cache worker for checksums cache (C:\Users\user\AndroidStudioProjects\mqa-homeworks\2.1 auto\hw_app\.gradle\7.5\checksums)" [_thread_blocked, id=10852, stack(0x0000001d0a600000,0x0000001d0a700000)]
  0x000001ef94389f10 JavaThread "Cache worker for cache directory md-rule (C:\Users\user\.gradle\caches\7.5\md-rule)" [_thread_blocked, id=2920, stack(0x0000001d0a900000,0x0000001d0aa00000)]
  0x000001ef9438a8b0 JavaThread "Cache worker for file content cache (C:\Users\user\.gradle\caches\7.5\fileContent)" [_thread_blocked, id=4256, stack(0x0000001d0aa00000,0x0000001d0ab00000)]
  0x000001ef94387890 JavaThread "Cache worker for file hash cache (C:\Users\user\AndroidStudioProjects\mqa-homeworks\2.1 auto\hw_app\.gradle\7.5\fileHashes)" [_thread_blocked, id=1828, stack(0x0000001d0ab00000,0x0000001d0ac00000)]
  0x000001ef94386080 JavaThread "Cache worker for cache directory md-supplier (C:\Users\user\.gradle\caches\7.5\md-supplier)" [_thread_blocked, id=9480, stack(0x0000001d0ac00000,0x0000001d0ad00000)]
  0x000001ef94388230 JavaThread "Cache worker for execution history cache (C:\Users\user\.gradle\caches\7.5\executionHistory)" [_thread_blocked, id=7588, stack(0x0000001d0ad00000,0x0000001d0ae00000)]
  0x000001ef94389570 JavaThread "jar transforms" [_thread_blocked, id=7700, stack(0x0000001d0ae00000,0x0000001d0af00000)]
  0x000001ef94385210 JavaThread "jar transforms Thread 2" [_thread_blocked, id=11636, stack(0x0000001d0af00000,0x0000001d0b000000)]
  0x000001ef94383a00 JavaThread "jar transforms Thread 3" [_thread_blocked, id=8968, stack(0x0000001d0b000000,0x0000001d0b100000)]
  0x000001ef943843a0 JavaThread "jar transforms Thread 4" [_thread_blocked, id=11740, stack(0x0000001d0b300000,0x0000001d0b400000)]
  0x000001ef94384870 JavaThread "Cache worker for dependencies-accessors (C:\Users\user\AndroidStudioProjects\mqa-homeworks\2.1 auto\hw_app\.gradle\7.5\dependencies-accessors)" [_thread_blocked, id=2300, stack(0x0000001d0b400000,0x0000001d0b500000)]
  0x000001ef943856e0 JavaThread "Cache worker for Build Output Cleanup Cache (C:\Users\user\AndroidStudioProjects\mqa-homeworks\2.1 auto\hw_app\.gradle\buildOutputCleanup)" [_thread_blocked, id=240, stack(0x0000001d0b500000,0x0000001d0b600000)]
  0x000001ef94386550 JavaThread "Unconstrained build operations" [_thread_blocked, id=8044, stack(0x0000001d0b600000,0x0000001d0b700000)]
  0x000001ef94385bb0 JavaThread "Unconstrained build operations Thread 2" [_thread_blocked, id=2040, stack(0x0000001d0b700000,0x0000001d0b800000)]
  0x000001ef94389a40 JavaThread "Unconstrained build operations Thread 3" [_thread_blocked, id=9508, stack(0x0000001d0b800000,0x0000001d0b900000)]
  0x000001ef94386a20 JavaThread "Unconstrained build operations Thread 4" [_thread_blocked, id=2332, stack(0x0000001d0b900000,0x0000001d0ba00000)]
  0x000001ef943873c0 JavaThread "Unconstrained build operations Thread 5" [_thread_blocked, id=11444, stack(0x0000001d0ba00000,0x0000001d0bb00000)]
  0x000001ef9280b620 JavaThread "Unconstrained build operations Thread 6" [_thread_blocked, id=9680, stack(0x0000001d0bb00000,0x0000001d0bc00000)]
  0x000001ef9280a2e0 JavaThread "Unconstrained build operations Thread 7" [_thread_blocked, id=13056, stack(0x0000001d0bc00000,0x0000001d0bd00000)]
  0x000001ef92809940 JavaThread "Unconstrained build operations Thread 8" [_thread_blocked, id=7660, stack(0x0000001d0bd00000,0x0000001d0be00000)]
  0x000001ef9280a7b0 JavaThread "Unconstrained build operations Thread 9" [_thread_blocked, id=9556, stack(0x0000001d0be00000,0x0000001d0bf00000)]
  0x000001ef9280b150 JavaThread "Unconstrained build operations Thread 10" [_thread_blocked, id=5952, stack(0x0000001d0bf00000,0x0000001d0c000000)]
  0x000001ef92809e10 JavaThread "Unconstrained build operations Thread 11" [_thread_blocked, id=5604, stack(0x0000001d0c000000,0x0000001d0c100000)]
  0x000001ef9280ac80 JavaThread "Unconstrained build operations Thread 12" [_thread_blocked, id=6484, stack(0x0000001d0c100000,0x0000001d0c200000)]
  0x000001ef92810cc0 JavaThread "Unconstrained build operations Thread 13" [_thread_blocked, id=3340, stack(0x0000001d0c200000,0x0000001d0c300000)]
  0x000001ef9280f980 JavaThread "Unconstrained build operations Thread 14" [_thread_blocked, id=12920, stack(0x0000001d0c300000,0x0000001d0c400000)]
  0x000001ef9280baf0 JavaThread "Unconstrained build operations Thread 15" [_thread_blocked, id=10960, stack(0x0000001d0c400000,0x0000001d0c500000)]
  0x000001ef9280eb10 JavaThread "Unconstrained build operations Thread 16" [_thread_blocked, id=9080, stack(0x0000001d0c500000,0x0000001d0c600000)]
  0x000001ef9280bfc0 JavaThread "Unconstrained build operations Thread 17" [_thread_blocked, id=8448, stack(0x0000001d0c600000,0x0000001d0c700000)]
  0x000001ef9280e640 JavaThread "Unconstrained build operations Thread 18" [_thread_blocked, id=8796, stack(0x0000001d0c700000,0x0000001d0c800000)]
  0x000001ef9280f4b0 JavaThread "Unconstrained build operations Thread 19" [_thread_blocked, id=6428, stack(0x0000001d0c800000,0x0000001d0c900000)]
  0x000001ef9280c960 JavaThread "Unconstrained build operations Thread 20" [_thread_blocked, id=11524, stack(0x0000001d0c900000,0x0000001d0ca00000)]
  0x000001ef9280d7d0 JavaThread "Unconstrained build operations Thread 21" [_thread_blocked, id=4104, stack(0x0000001d0ca00000,0x0000001d0cb00000)]
  0x000001ef92810320 JavaThread "Unconstrained build operations Thread 22" [_thread_blocked, id=8232, stack(0x0000001d0cb00000,0x0000001d0cc00000)]
  0x000001ef9280c490 JavaThread "Unconstrained build operations Thread 23" [_thread_blocked, id=12040, stack(0x0000001d0cc00000,0x0000001d0cd00000)]
  0x000001ef9280efe0 JavaThread "Unconstrained build operations Thread 24" [_thread_blocked, id=13788, stack(0x0000001d0cd00000,0x0000001d0ce00000)]
  0x000001ef9280ce30 JavaThread "Unconstrained build operations Thread 25" [_thread_blocked, id=12272, stack(0x0000001d0ce00000,0x0000001d0cf00000)]
  0x000001ef9280d300 JavaThread "Unconstrained build operations Thread 26" [_thread_blocked, id=9280, stack(0x0000001d0cf00000,0x0000001d0d000000)]
  0x000001ef92811190 JavaThread "Unconstrained build operations Thread 27" [_thread_blocked, id=13872, stack(0x0000001d0d000000,0x0000001d0d100000)]
  0x000001ef9280fe50 JavaThread "Unconstrained build operations Thread 28" [_thread_blocked, id=8792, stack(0x0000001d0d100000,0x0000001d0d200000)]
  0x000001ef928107f0 JavaThread "Unconstrained build operations Thread 29" [_thread_blocked, id=8328, stack(0x0000001d0d200000,0x0000001d0d300000)]
  0x000001ef9280dca0 JavaThread "Unconstrained build operations Thread 30" [_thread_blocked, id=9648, stack(0x0000001d0d300000,0x0000001d0d400000)]
  0x000001ef9280e170 JavaThread "Unconstrained build operations Thread 31" [_thread_blocked, id=8456, stack(0x0000001d0d400000,0x0000001d0d500000)]
  0x000001ef91ea1440 JavaThread "Unconstrained build operations Thread 32" [_thread_blocked, id=9064, stack(0x0000001d0d500000,0x0000001d0d600000)]
  0x000001ef91e9cc10 JavaThread "Unconstrained build operations Thread 33" [_thread_blocked, id=13272, stack(0x0000001d0d600000,0x0000001d0d700000)]
  0x000001ef91e9e8f0 JavaThread "Unconstrained build operations Thread 34" [_thread_blocked, id=11116, stack(0x0000001d0d700000,0x0000001d0d800000)]
  0x000001ef91e9d0e0 JavaThread "Unconstrained build operations Thread 35" [_thread_blocked, id=11084, stack(0x0000001d0d800000,0x0000001d0d900000)]
  0x000001ef91e9e420 JavaThread "Unconstrained build operations Thread 36" [_thread_blocked, id=13696, stack(0x0000001d0d900000,0x0000001d0da00000)]
  0x000001ef91e9b8d0 JavaThread "Unconstrained build operations Thread 37" [_thread_blocked, id=7272, stack(0x0000001d0da00000,0x0000001d0db00000)]
  0x000001ef91e9df50 JavaThread "Unconstrained build operations Thread 38" [_thread_blocked, id=7440, stack(0x0000001d0db00000,0x0000001d0dc00000)]
  0x000001ef91e9d5b0 JavaThread "Unconstrained build operations Thread 39" [_thread_blocked, id=5704, stack(0x0000001d0dc00000,0x0000001d0dd00000)]
  0x000001ef91ea0f70 JavaThread "Unconstrained build operations Thread 40" [_thread_blocked, id=14100, stack(0x0000001d0dd00000,0x0000001d0de00000)]
  0x000001ef91ea1910 JavaThread "build event listener" [_thread_blocked, id=7928, stack(0x0000001d0de00000,0x0000001d0df00000)]
  0x000001ef91ea22b0 JavaThread "Memory manager" [_thread_blocked, id=5708, stack(0x0000001d0df00000,0x0000001d0e000000)]
  0x000001ef91ea2780 JavaThread "included builds" [_thread_in_Java, id=10220, stack(0x0000001d0e000000,0x0000001d0e100000)]
  0x000001ef91e9c740 JavaThread "Execution worker" [_thread_blocked, id=4372, stack(0x0000001d0e100000,0x0000001d0e200000)]
  0x000001ef91ea2c50 JavaThread "Execution worker Thread 2" [_thread_blocked, id=4080, stack(0x0000001d0e200000,0x0000001d0e300000)]
  0x000001ef91e9f760 JavaThread "Execution worker Thread 3" [_thread_blocked, id=1260, stack(0x0000001d0e300000,0x0000001d0e400000)]
  0x000001ef91ea0100 JavaThread "Cache worker for execution history cache (C:\Users\user\AndroidStudioProjects\mqa-homeworks\2.1 auto\hw_app\.gradle\7.5\executionHistory)" [_thread_blocked, id=10052, stack(0x0000001d0e400000,0x0000001d0e500000)]

Other Threads:
  0x000001efff61f570 VMThread "VM Thread" [stack: 0x0000001d08900000,0x0000001d08a00000] [id=4756]
  0x000001ef91abf740 WatcherThread [stack: 0x0000001d09500000,0x0000001d09600000] [id=11984]
  0x000001eff70cda30 GCTaskThread "GC Thread#0" [stack: 0x0000001d08400000,0x0000001d08500000] [id=4984]
  0x000001ef91f7ccc0 GCTaskThread "GC Thread#1" [stack: 0x0000001d09700000,0x0000001d09800000] [id=2232]
  0x000001ef9215a210 GCTaskThread "GC Thread#2" [stack: 0x0000001d09800000,0x0000001d09900000] [id=9572]
  0x000001ef91bc8f40 GCTaskThread "GC Thread#3" [stack: 0x0000001d09900000,0x0000001d09a00000] [id=8132]
  0x000001eff70dea40 ConcurrentGCThread "G1 Main Marker" [stack: 0x0000001d08500000,0x0000001d08600000] [id=7484]
  0x000001eff70dfbf0 ConcurrentGCThread "G1 Conc#0" [stack: 0x0000001d08600000,0x0000001d08700000] [id=12132]
  0x000001eff7137b20 ConcurrentGCThread "G1 Refine#0" [stack: 0x0000001d08700000,0x0000001d08800000] [id=12708]
  0x000001ef94068d00 ConcurrentGCThread "G1 Refine#1" [stack: 0x0000001d0b100000,0x0000001d0b200000] [id=4612]
  0x000001efff491700 ConcurrentGCThread "G1 Service" [stack: 0x0000001d08800000,0x0000001d08900000] [id=11544]

Threads with active compile tasks:

VM state: not at safepoint (normal execution)

VM Mutex/Monitor currently owned by a thread:  ([mutex/lock_event])
[0x000001eff706d3a0] CompiledIC_lock - owner thread: 0x000001ef9192df00

Heap address: 0x0000000080000000, size: 2048 MB, Compressed Oops mode: 32-bit

CDS archive(s) not mapped
Compressed class space mapped at: 0x0000000100000000-0x0000000140000000, reserved size: 1073741824
Narrow klass base: 0x0000000000000000, Narrow klass shift: 3, Narrow klass range: 0x140000000

GC Precious Log:
 CPUs: 4 total, 4 available
 Memory: 8139M
 Large Page Support: Disabled
 NUMA Support: Disabled
 Compressed Oops: Enabled (32-bit)
 Heap Region Size: 1M
 Heap Min Capacity: 8M
 Heap Initial Capacity: 128M
 Heap Max Capacity: 2G
 Pre-touch: Disabled
 Parallel Workers: 4
 Concurrent Workers: 1
 Concurrent Refinement Workers: 4
 Periodic GC: Disabled

Heap:
 garbage-first heap   total 241664K, used 158048K [0x0000000080000000, 0x0000000100000000)
  region size 1024K, 73 young (74752K), 2 survivors (2048K)
 Metaspace       used 85733K, committed 86400K, reserved 1130496K
  class space    used 11655K, committed 11968K, reserved 1048576K

Heap Regions: E=young(eden), S=young(survivor), O=old, HS=humongous(starts), HC=humongous(continues), CS=collection set, F=free, OA=open archive, CA=closed archive, TAMS=top-at-mark-start (previous, next)
|   0|0x0000000080000000, 0x0000000080100000, 0x0000000080100000|100%|HS|  |TAMS 0x0000000080100000, 0x0000000080000000| Complete 
|   1|0x0000000080100000, 0x0000000080200000, 0x0000000080200000|100%|HC|  |TAMS 0x0000000080200000, 0x0000000080100000| Complete 
|   2|0x0000000080200000, 0x0000000080300000, 0x0000000080300000|100%|HC|  |TAMS 0x0000000080300000, 0x0000000080200000| Complete 
|   3|0x0000000080300000, 0x0000000080400000, 0x0000000080400000|100%| O|  |TAMS 0x0000000080400000, 0x0000000080300000| Untracked 
|   4|0x0000000080400000, 0x0000000080500000, 0x0000000080500000|100%| O|  |TAMS 0x0000000080500000, 0x0000000080400000| Untracked 
|   5|0x0000000080500000, 0x0000000080600000, 0x0000000080600000|100%| O|  |TAMS 0x0000000080600000, 0x0000000080500000| Untracked 
|   6|0x0000000080600000, 0x0000000080700000, 0x0000000080700000|100%| O|  |TAMS 0x0000000080700000, 0x0000000080600000| Untracked 
|   7|0x0000000080700000, 0x0000000080800000, 0x0000000080800000|100%| O|  |TAMS 0x0000000080800000, 0x0000000080700000| Untracked 
|   8|0x0000000080800000, 0x0000000080900000, 0x0000000080900000|100%| O|  |TAMS 0x0000000080900000, 0x0000000080800000| Untracked 
|   9|0x0000000080900000, 0x0000000080a00000, 0x0000000080a00000|100%| O|  |TAMS 0x0000000080a00000, 0x0000000080900000| Untracked 
|  10|0x0000000080a00000, 0x0000000080b00000, 0x0000000080b00000|100%| O|  |TAMS 0x0000000080b00000, 0x0000000080a00000| Untracked 
|  11|0x0000000080b00000, 0x0000000080c00000, 0x0000000080c00000|100%| O|  |TAMS 0x0000000080c00000, 0x0000000080b00000| Untracked 
|  12|0x0000000080c00000, 0x0000000080d00000, 0x0000000080d00000|100%| O|  |TAMS 0x0000000080d00000, 0x0000000080c00000| Untracked 
|  13|0x0000000080d00000, 0x0000000080e00000, 0x0000000080e00000|100%| O|  |TAMS 0x0000000080e00000, 0x0000000080d00000| Untracked 
|  14|0x0000000080e00000, 0x0000000080f00000, 0x0000000080f00000|100%| O|  |TAMS 0x0000000080f00000, 0x0000000080e00000| Untracked 
|  15|0x0000000080f00000, 0x0000000081000000, 0x0000000081000000|100%| O|  |TAMS 0x0000000081000000, 0x0000000080f00000| Untracked 
|  16|0x0000000081000000, 0x0000000081100000, 0x0000000081100000|100%| O|  |TAMS 0x0000000081100000, 0x0000000081000000| Untracked 
|  17|0x0000000081100000, 0x0000000081200000, 0x0000000081200000|100%| O|  |TAMS 0x0000000081200000, 0x0000000081100000| Untracked 
|  18|0x0000000081200000, 0x0000000081300000, 0x0000000081300000|100%| O|  |TAMS 0x0000000081300000, 0x0000000081200000| Untracked 
|  19|0x0000000081300000, 0x0000000081400000, 0x0000000081400000|100%| O|  |TAMS 0x0000000081400000, 0x0000000081300000| Untracked 
|  20|0x0000000081400000, 0x0000000081500000, 0x0000000081500000|100%| O|  |TAMS 0x0000000081500000, 0x0000000081400000| Untracked 
|  21|0x0000000081500000, 0x0000000081600000, 0x0000000081600000|100%| O|  |TAMS 0x0000000081600000, 0x0000000081500000| Untracked 
|  22|0x0000000081600000, 0x0000000081600000, 0x0000000081700000|  0%| F|  |TAMS 0x0000000081600000, 0x0000000081600000| Untracked 
|  23|0x0000000081700000, 0x0000000081800000, 0x0000000081800000|100%| O|  |TAMS 0x0000000081700000, 0x0000000081700000| Untracked 
|  24|0x0000000081800000, 0x0000000081900000, 0x0000000081900000|100%| O|  |TAMS 0x0000000081900000, 0x0000000081800000| Untracked 
|  25|0x0000000081900000, 0x0000000081a00000, 0x0000000081a00000|100%| O|  |TAMS 0x0000000081a00000, 0x0000000081900000| Untracked 
|  26|0x0000000081a00000, 0x0000000081b00000, 0x0000000081b00000|100%| O|  |TAMS 0x0000000081b00000, 0x0000000081a00000| Untracked 
|  27|0x0000000081b00000, 0x0000000081c00000, 0x0000000081c00000|100%| O|  |TAMS 0x0000000081c00000, 0x0000000081b00000| Untracked 
|  28|0x0000000081c00000, 0x0000000081d00000, 0x0000000081d00000|100%| O|  |TAMS 0x0000000081d00000, 0x0000000081c00000| Untracked 
|  29|0x0000000081d00000, 0x0000000081e00000, 0x0000000081e00000|100%| O|  |TAMS 0x0000000081e00000, 0x0000000081d00000| Untracked 
|  30|0x0000000081e00000, 0x0000000081f00000, 0x0000000081f00000|100%| O|  |TAMS 0x0000000081f00000, 0x0000000081e00000| Untracked 
|  31|0x0000000081f00000, 0x0000000082000000, 0x0000000082000000|100%| O|  |TAMS 0x0000000082000000, 0x0000000081f00000| Untracked 
|  32|0x0000000082000000, 0x0000000082100000, 0x0000000082100000|100%|HS|  |TAMS 0x0000000082100000, 0x0000000082000000| Complete 
|  33|0x0000000082100000, 0x0000000082200000, 0x0000000082200000|100%|HS|  |TAMS 0x0000000082200000, 0x0000000082100000| Complete 
|  34|0x0000000082200000, 0x0000000082300000, 0x0000000082300000|100%| O|  |TAMS 0x0000000082300000, 0x0000000082200000| Untracked 
|  35|0x0000000082300000, 0x0000000082400000, 0x0000000082400000|100%| O|  |TAMS 0x0000000082400000, 0x0000000082300000| Untracked 
|  36|0x0000000082400000, 0x0000000082500000, 0x0000000082500000|100%| O|  |TAMS 0x0000000082500000, 0x0000000082400000| Untracked 
|  37|0x0000000082500000, 0x0000000082600000, 0x0000000082600000|100%| O|  |TAMS 0x0000000082600000, 0x0000000082500000| Untracked 
|  38|0x0000000082600000, 0x0000000082700000, 0x0000000082700000|100%| O|  |TAMS 0x0000000082700000, 0x0000000082600000| Untracked 
|  39|0x0000000082700000, 0x0000000082800000, 0x0000000082800000|100%| O|  |TAMS 0x0000000082800000, 0x0000000082700000| Untracked 
|  40|0x0000000082800000, 0x0000000082900000, 0x0000000082900000|100%| O|  |TAMS 0x0000000082900000, 0x0000000082800000| Untracked 
|  41|0x0000000082900000, 0x0000000082a00000, 0x0000000082a00000|100%| O|  |TAMS 0x0000000082a00000, 0x0000000082900000| Untracked 
|  42|0x0000000082a00000, 0x0000000082b00000, 0x0000000082b00000|100%| O|  |TAMS 0x0000000082b00000, 0x0000000082a00000| Untracked 
|  43|0x0000000082b00000, 0x0000000082c00000, 0x0000000082c00000|100%| O|  |TAMS 0x0000000082c00000, 0x0000000082b00000| Untracked 
|  44|0x0000000082c00000, 0x0000000082d00000, 0x0000000082d00000|100%| O|  |TAMS 0x0000000082d00000, 0x0000000082c00000| Untracked 
|  45|0x0000000082d00000, 0x0000000082e00000, 0x0000000082e00000|100%| O|  |TAMS 0x0000000082e00000, 0x0000000082d00000| Untracked 
|  46|0x0000000082e00000, 0x0000000082f00000, 0x0000000082f00000|100%| O|  |TAMS 0x0000000082f00000, 0x0000000082e00000| Untracked 
|  47|0x0000000082f00000, 0x0000000083000000, 0x0000000083000000|100%| O|  |TAMS 0x0000000083000000, 0x0000000082f00000| Untracked 
|  48|0x0000000083000000, 0x0000000083100000, 0x0000000083100000|100%| O|  |TAMS 0x0000000083100000, 0x0000000083000000| Untracked 
|  49|0x0000000083100000, 0x0000000083200000, 0x0000000083200000|100%| O|  |TAMS 0x0000000083200000, 0x0000000083100000| Untracked 
|  50|0x0000000083200000, 0x0000000083300000, 0x0000000083300000|100%| O|  |TAMS 0x0000000083300000, 0x0000000083200000| Untracked 
|  51|0x0000000083300000, 0x0000000083400000, 0x0000000083400000|100%| O|  |TAMS 0x0000000083400000, 0x0000000083300000| Untracked 
|  52|0x0000000083400000, 0x0000000083500000, 0x0000000083500000|100%| O|  |TAMS 0x0000000083500000, 0x0000000083400000| Untracked 
|  53|0x0000000083500000, 0x0000000083600000, 0x0000000083600000|100%| O|  |TAMS 0x0000000083600000, 0x0000000083500000| Untracked 
|  54|0x0000000083600000, 0x0000000083700000, 0x0000000083700000|100%| O|  |TAMS 0x0000000083700000, 0x0000000083600000| Untracked 
|  55|0x0000000083700000, 0x0000000083800000, 0x0000000083800000|100%| O|  |TAMS 0x0000000083800000, 0x0000000083700000| Untracked 
|  56|0x0000000083800000, 0x0000000083900000, 0x0000000083900000|100%| O|  |TAMS 0x0000000083900000, 0x0000000083800000| Untracked 
|  57|0x0000000083900000, 0x0000000083a00000, 0x0000000083a00000|100%| O|  |TAMS 0x0000000083a00000, 0x0000000083900000| Untracked 
|  58|0x0000000083a00000, 0x0000000083b00000, 0x0000000083b00000|100%| O|  |TAMS 0x0000000083b00000, 0x0000000083a00000| Untracked 
|  59|0x0000000083b00000, 0x0000000083c00000, 0x0000000083c00000|100%| O|  |TAMS 0x0000000083c00000, 0x0000000083b00000| Untracked 
|  60|0x0000000083c00000, 0x0000000083d00000, 0x0000000083d00000|100%| O|  |TAMS 0x0000000083d00000, 0x0000000083c00000| Untracked 
|  61|0x0000000083d00000, 0x0000000083e00000, 0x0000000083e00000|100%| O|  |TAMS 0x0000000083e00000, 0x0000000083d00000| Untracked 
|  62|0x0000000083e00000, 0x0000000083f00000, 0x0000000083f00000|100%| O|  |TAMS 0x0000000083f00000, 0x0000000083e00000| Untracked 
|  63|0x0000000083f00000, 0x0000000084000000, 0x0000000084000000|100%| O|  |TAMS 0x0000000084000000, 0x0000000083f00000| Untracked 
|  64|0x0000000084000000, 0x0000000084100000, 0x0000000084100000|100%| O|  |TAMS 0x0000000084100000, 0x0000000084000000| Untracked 
|  65|0x0000000084100000, 0x0000000084200000, 0x0000000084200000|100%| O|  |TAMS 0x0000000084200000, 0x0000000084100000| Untracked 
|  66|0x0000000084200000, 0x0000000084300000, 0x0000000084300000|100%| O|  |TAMS 0x0000000084300000, 0x0000000084200000| Untracked 
|  67|0x0000000084300000, 0x0000000084400000, 0x0000000084400000|100%| O|  |TAMS 0x0000000084400000, 0x0000000084300000| Untracked 
|  68|0x0000000084400000, 0x0000000084500000, 0x0000000084500000|100%| O|  |TAMS 0x0000000084500000, 0x0000000084400000| Untracked 
|  69|0x0000000084500000, 0x0000000084600000, 0x0000000084600000|100%| O|  |TAMS 0x0000000084600000, 0x0000000084500000| Untracked 
|  70|0x0000000084600000, 0x0000000084700000, 0x0000000084700000|100%| O|  |TAMS 0x0000000084700000, 0x0000000084600000| Untracked 
|  71|0x0000000084700000, 0x0000000084800000, 0x0000000084800000|100%| O|  |TAMS 0x0000000084800000, 0x0000000084700000| Untracked 
|  72|0x0000000084800000, 0x0000000084900000, 0x0000000084900000|100%| O|  |TAMS 0x0000000084900000, 0x0000000084800000| Untracked 
|  73|0x0000000084900000, 0x0000000084a00000, 0x0000000084a00000|100%| O|  |TAMS 0x0000000084a00000, 0x0000000084900000| Untracked 
|  74|0x0000000084a00000, 0x0000000084b00000, 0x0000000084b00000|100%| O|  |TAMS 0x0000000084b00000, 0x0000000084a00000| Untracked 
|  75|0x0000000084b00000, 0x0000000084c00000, 0x0000000084c00000|100%| O|  |TAMS 0x0000000084c00000, 0x0000000084b00000| Untracked 
|  76|0x0000000084c00000, 0x0000000084d00000, 0x0000000084d00000|100%| O|  |TAMS 0x0000000084cc0c00, 0x0000000084c00000| Untracked 
|  77|0x0000000084d00000, 0x0000000084e00000, 0x0000000084e00000|100%| O|  |TAMS 0x0000000084d00000, 0x0000000084d00000| Untracked 
|  78|0x0000000084e00000, 0x0000000084f00000, 0x0000000084f00000|100%| O|  |TAMS 0x0000000084e00000, 0x0000000084e00000| Untracked 
|  79|0x0000000084f00000, 0x0000000085000000, 0x0000000085000000|100%| O|  |TAMS 0x0000000084f00000, 0x0000000084f00000| Untracked 
|  80|0x0000000085000000, 0x0000000085100000, 0x0000000085100000|100%| O|  |TAMS 0x0000000085000000, 0x0000000085000000| Untracked 
|  81|0x0000000085100000, 0x0000000085200000, 0x0000000085200000|100%| O|  |TAMS 0x0000000085100000, 0x0000000085100000| Untracked 
|  82|0x0000000085200000, 0x0000000085300000, 0x0000000085300000|100%| O|  |TAMS 0x0000000085200000, 0x0000000085200000| Untracked 
|  83|0x0000000085300000, 0x0000000085400000, 0x0000000085400000|100%| O|  |TAMS 0x0000000085300000, 0x0000000085300000| Untracked 
|  84|0x0000000085400000, 0x00000000854ff600, 0x0000000085500000| 99%| O|  |TAMS 0x0000000085400000, 0x0000000085400000| Untracked 
|  85|0x0000000085500000, 0x0000000085500000, 0x0000000085600000|  0%| F|  |TAMS 0x0000000085500000, 0x0000000085500000| Untracked 
|  86|0x0000000085600000, 0x0000000085600000, 0x0000000085700000|  0%| F|  |TAMS 0x0000000085600000, 0x0000000085600000| Untracked 
|  87|0x0000000085700000, 0x0000000085700000, 0x0000000085800000|  0%| F|  |TAMS 0x0000000085700000, 0x0000000085700000| Untracked 
|  88|0x0000000085800000, 0x0000000085800000, 0x0000000085900000|  0%| F|  |TAMS 0x0000000085800000, 0x0000000085800000| Untracked 
|  89|0x0000000085900000, 0x0000000085900000, 0x0000000085a00000|  0%| F|  |TAMS 0x0000000085900000, 0x0000000085900000| Untracked 
|  90|0x0000000085a00000, 0x0000000085a00000, 0x0000000085b00000|  0%| F|  |TAMS 0x0000000085a00000, 0x0000000085a00000| Untracked 
|  91|0x0000000085b00000, 0x0000000085b00000, 0x0000000085c00000|  0%| F|  |TAMS 0x0000000085b00000, 0x0000000085b00000| Untracked 
|  92|0x0000000085c00000, 0x0000000085c00000, 0x0000000085d00000|  0%| F|  |TAMS 0x0000000085c00000, 0x0000000085c00000| Untracked 
|  93|0x0000000085d00000, 0x0000000085d00000, 0x0000000085e00000|  0%| F|  |TAMS 0x0000000085d00000, 0x0000000085d00000| Untracked 
|  94|0x0000000085e00000, 0x0000000085e00000, 0x0000000085f00000|  0%| F|  |TAMS 0x0000000085e00000, 0x0000000085e00000| Untracked 
|  95|0x0000000085f00000, 0x0000000085f00000, 0x0000000086000000|  0%| F|  |TAMS 0x0000000085f00000, 0x0000000085f00000| Untracked 
|  96|0x0000000086000000, 0x0000000086000000, 0x0000000086100000|  0%| F|  |TAMS 0x0000000086000000, 0x0000000086000000| Untracked 
|  97|0x0000000086100000, 0x0000000086100000, 0x0000000086200000|  0%| F|  |TAMS 0x0000000086100000, 0x0000000086100000| Untracked 
|  98|0x0000000086200000, 0x0000000086200000, 0x0000000086300000|  0%| F|  |TAMS 0x0000000086200000, 0x0000000086200000| Untracked 
|  99|0x0000000086300000, 0x0000000086300000, 0x0000000086400000|  0%| F|  |TAMS 0x0000000086300000, 0x0000000086300000| Untracked 
| 100|0x0000000086400000, 0x0000000086400000, 0x0000000086500000|  0%| F|  |TAMS 0x0000000086400000, 0x0000000086400000| Untracked 
| 101|0x0000000086500000, 0x0000000086500000, 0x0000000086600000|  0%| F|  |TAMS 0x0000000086500000, 0x0000000086500000| Untracked 
| 102|0x0000000086600000, 0x0000000086600000, 0x0000000086700000|  0%| F|  |TAMS 0x0000000086600000, 0x0000000086600000| Untracked 
| 103|0x0000000086700000, 0x0000000086700000, 0x0000000086800000|  0%| F|  |TAMS 0x0000000086700000, 0x0000000086700000| Untracked 
| 104|0x0000000086800000, 0x0000000086800000, 0x0000000086900000|  0%| F|  |TAMS 0x0000000086800000, 0x0000000086800000| Untracked 
| 105|0x0000000086900000, 0x0000000086900000, 0x0000000086a00000|  0%| F|  |TAMS 0x0000000086900000, 0x0000000086900000| Untracked 
| 106|0x0000000086a00000, 0x0000000086a00000, 0x0000000086b00000|  0%| F|  |TAMS 0x0000000086a00000, 0x0000000086a00000| Untracked 
| 107|0x0000000086b00000, 0x0000000086b00000, 0x0000000086c00000|  0%| F|  |TAMS 0x0000000086b00000, 0x0000000086b00000| Untracked 
| 108|0x0000000086c00000, 0x0000000086c00000, 0x0000000086d00000|  0%| F|  |TAMS 0x0000000086c00000, 0x0000000086c00000| Untracked 
| 109|0x0000000086d00000, 0x0000000086d00000, 0x0000000086e00000|  0%| F|  |TAMS 0x0000000086d00000, 0x0000000086d00000| Untracked 
| 110|0x0000000086e00000, 0x0000000086e00000, 0x0000000086f00000|  0%| F|  |TAMS 0x0000000086e00000, 0x0000000086e00000| Untracked 
| 111|0x0000000086f00000, 0x0000000086f00000, 0x0000000087000000|  0%| F|  |TAMS 0x0000000086f00000, 0x0000000086f00000| Untracked 
| 112|0x0000000087000000, 0x0000000087000000, 0x0000000087100000|  0%| F|  |TAMS 0x0000000087000000, 0x0000000087000000| Untracked 
| 113|0x0000000087100000, 0x0000000087100000, 0x0000000087200000|  0%| F|  |TAMS 0x0000000087100000, 0x0000000087100000| Untracked 
| 114|0x0000000087200000, 0x0000000087200000, 0x0000000087300000|  0%| F|  |TAMS 0x0000000087200000, 0x0000000087200000| Untracked 
| 115|0x0000000087300000, 0x0000000087300000, 0x0000000087400000|  0%| F|  |TAMS 0x0000000087300000, 0x0000000087300000| Untracked 
| 116|0x0000000087400000, 0x0000000087400000, 0x0000000087500000|  0%| F|  |TAMS 0x0000000087400000, 0x0000000087400000| Untracked 
| 117|0x0000000087500000, 0x0000000087500000, 0x0000000087600000|  0%| F|  |TAMS 0x0000000087500000, 0x0000000087500000| Untracked 
| 118|0x0000000087600000, 0x0000000087600000, 0x0000000087700000|  0%| F|  |TAMS 0x0000000087600000, 0x0000000087600000| Untracked 
| 119|0x0000000087700000, 0x0000000087700000, 0x0000000087800000|  0%| F|  |TAMS 0x0000000087700000, 0x0000000087700000| Untracked 
| 120|0x0000000087800000, 0x0000000087800000, 0x0000000087900000|  0%| F|  |TAMS 0x0000000087800000, 0x0000000087800000| Untracked 
| 121|0x0000000087900000, 0x0000000087900000, 0x0000000087a00000|  0%| F|  |TAMS 0x0000000087900000, 0x0000000087900000| Untracked 
| 122|0x0000000087a00000, 0x0000000087a00000, 0x0000000087b00000|  0%| F|  |TAMS 0x0000000087a00000, 0x0000000087a00000| Untracked 
| 123|0x0000000087b00000, 0x0000000087b00000, 0x0000000087c00000|  0%| F|  |TAMS 0x0000000087b00000, 0x0000000087b00000| Untracked 
| 124|0x0000000087c00000, 0x0000000087c00000, 0x0000000087d00000|  0%| F|  |TAMS 0x0000000087c00000, 0x0000000087c00000| Untracked 
| 125|0x0000000087d00000, 0x0000000087d00000, 0x0000000087e00000|  0%| F|  |TAMS 0x0000000087d00000, 0x0000000087d00000| Untracked 
| 126|0x0000000087e00000, 0x0000000087e00000, 0x0000000087f00000|  0%| F|  |TAMS 0x0000000087e00000, 0x0000000087e00000| Untracked 
| 127|0x0000000087f00000, 0x0000000087f00000, 0x0000000088000000|  0%| F|  |TAMS 0x0000000087f00000, 0x0000000087f00000| Untracked 
| 128|0x0000000088000000, 0x0000000088000000, 0x0000000088100000|  0%| F|  |TAMS 0x0000000088000000, 0x0000000088000000| Untracked 
| 129|0x0000000088100000, 0x0000000088100000, 0x0000000088200000|  0%| F|  |TAMS 0x0000000088100000, 0x0000000088100000| Untracked 
| 130|0x0000000088200000, 0x0000000088200000, 0x0000000088300000|  0%| F|  |TAMS 0x0000000088200000, 0x0000000088200000| Untracked 
| 131|0x0000000088300000, 0x0000000088300000, 0x0000000088400000|  0%| F|  |TAMS 0x0000000088300000, 0x0000000088300000| Untracked 
| 132|0x0000000088400000, 0x0000000088400000, 0x0000000088500000|  0%| F|  |TAMS 0x0000000088400000, 0x0000000088400000| Untracked 
| 133|0x0000000088500000, 0x0000000088500000, 0x0000000088600000|  0%| F|  |TAMS 0x0000000088500000, 0x0000000088500000| Untracked 
| 134|0x0000000088600000, 0x0000000088600000, 0x0000000088700000|  0%| F|  |TAMS 0x0000000088600000, 0x0000000088600000| Untracked 
| 135|0x0000000088700000, 0x0000000088700000, 0x0000000088800000|  0%| F|  |TAMS 0x0000000088700000, 0x0000000088700000| Untracked 
| 136|0x0000000088800000, 0x0000000088800000, 0x0000000088900000|  0%| F|  |TAMS 0x0000000088800000, 0x0000000088800000| Untracked 
| 137|0x0000000088900000, 0x0000000088900000, 0x0000000088a00000|  0%| F|  |TAMS 0x0000000088900000, 0x0000000088900000| Untracked 
| 138|0x0000000088a00000, 0x0000000088a00000, 0x0000000088b00000|  0%| F|  |TAMS 0x0000000088a00000, 0x0000000088a00000| Untracked 
| 139|0x0000000088b00000, 0x0000000088b00000, 0x0000000088c00000|  0%| F|  |TAMS 0x0000000088b00000, 0x0000000088b00000| Untracked 
| 140|0x0000000088c00000, 0x0000000088c00000, 0x0000000088d00000|  0%| F|  |TAMS 0x0000000088c00000, 0x0000000088c00000| Untracked 
| 141|0x0000000088d00000, 0x0000000088d00000, 0x0000000088e00000|  0%| F|  |TAMS 0x0000000088d00000, 0x0000000088d00000| Untracked 
| 142|0x0000000088e00000, 0x0000000088e00000, 0x0000000088f00000|  0%| F|  |TAMS 0x0000000088e00000, 0x0000000088e00000| Untracked 
| 143|0x0000000088f00000, 0x0000000088f00000, 0x0000000089000000|  0%| F|  |TAMS 0x0000000088f00000, 0x0000000088f00000| Untracked 
| 144|0x0000000089000000, 0x0000000089000000, 0x0000000089100000|  0%| F|  |TAMS 0x0000000089000000, 0x0000000089000000| Untracked 
| 145|0x0000000089100000, 0x0000000089100000, 0x0000000089200000|  0%| F|  |TAMS 0x0000000089100000, 0x0000000089100000| Untracked 
| 146|0x0000000089200000, 0x0000000089200000, 0x0000000089300000|  0%| F|  |TAMS 0x0000000089200000, 0x0000000089200000| Untracked 
| 147|0x0000000089300000, 0x0000000089300000, 0x0000000089400000|  0%| F|  |TAMS 0x0000000089300000, 0x0000000089300000| Untracked 
| 148|0x0000000089400000, 0x0000000089400000, 0x0000000089500000|  0%| F|  |TAMS 0x0000000089400000, 0x0000000089400000| Untracked 
| 149|0x0000000089500000, 0x0000000089500000, 0x0000000089600000|  0%| F|  |TAMS 0x0000000089500000, 0x0000000089500000| Untracked 
| 150|0x0000000089600000, 0x0000000089600000, 0x0000000089700000|  0%| F|  |TAMS 0x0000000089600000, 0x0000000089600000| Untracked 
| 151|0x0000000089700000, 0x0000000089700000, 0x0000000089800000|  0%| F|  |TAMS 0x0000000089700000, 0x0000000089700000| Untracked 
| 152|0x0000000089800000, 0x0000000089800000, 0x0000000089900000|  0%| F|  |TAMS 0x0000000089800000, 0x0000000089800000| Untracked 
| 153|0x0000000089900000, 0x0000000089900000, 0x0000000089a00000|  0%| F|  |TAMS 0x0000000089900000, 0x0000000089900000| Untracked 
| 154|0x0000000089a00000, 0x0000000089a00000, 0x0000000089b00000|  0%| F|  |TAMS 0x0000000089a00000, 0x0000000089a00000| Untracked 
| 155|0x0000000089b00000, 0x0000000089b00000, 0x0000000089c00000|  0%| F|  |TAMS 0x0000000089b00000, 0x0000000089b00000| Untracked 
| 156|0x0000000089c00000, 0x0000000089c00000, 0x0000000089d00000|  0%| F|  |TAMS 0x0000000089c00000, 0x0000000089c00000| Untracked 
| 157|0x0000000089d00000, 0x0000000089d00000, 0x0000000089e00000|  0%| F|  |TAMS 0x0000000089d00000, 0x0000000089d00000| Untracked 
| 158|0x0000000089e00000, 0x0000000089e00000, 0x0000000089f00000|  0%| F|  |TAMS 0x0000000089e00000, 0x0000000089e00000| Untracked 
| 159|0x0000000089f00000, 0x0000000089f00000, 0x000000008a000000|  0%| F|  |TAMS 0x0000000089f00000, 0x0000000089f00000| Untracked 
| 160|0x000000008a000000, 0x000000008a000000, 0x000000008a100000|  0%| F|  |TAMS 0x000000008a000000, 0x000000008a000000| Untracked 
| 161|0x000000008a100000, 0x000000008a100000, 0x000000008a200000|  0%| F|  |TAMS 0x000000008a100000, 0x000000008a100000| Untracked 
| 162|0x000000008a200000, 0x000000008a200000, 0x000000008a300000|  0%| F|  |TAMS 0x000000008a200000, 0x000000008a200000| Untracked 
| 163|0x000000008a300000, 0x000000008a3668f0, 0x000000008a400000| 40%| E|  |TAMS 0x000000008a300000, 0x000000008a300000| Complete 
| 164|0x000000008a400000, 0x000000008a500000, 0x000000008a500000|100%| E|CS|TAMS 0x000000008a400000, 0x000000008a400000| Complete 
| 165|0x000000008a500000, 0x000000008a600000, 0x000000008a600000|100%| E|CS|TAMS 0x000000008a500000, 0x000000008a500000| Complete 
| 166|0x000000008a600000, 0x000000008a700000, 0x000000008a700000|100%| E|CS|TAMS 0x000000008a600000, 0x000000008a600000| Complete 
| 167|0x000000008a700000, 0x000000008a800000, 0x000000008a800000|100%| E|CS|TAMS 0x000000008a700000, 0x000000008a700000| Complete 
| 168|0x000000008a800000, 0x000000008a900000, 0x000000008a900000|100%| E|CS|TAMS 0x000000008a800000, 0x000000008a800000| Complete 
| 169|0x000000008a900000, 0x000000008aa00000, 0x000000008aa00000|100%| E|CS|TAMS 0x000000008a900000, 0x000000008a900000| Complete 
| 170|0x000000008aa00000, 0x000000008ab00000, 0x000000008ab00000|100%| E|  |TAMS 0x000000008aa00000, 0x000000008aa00000| Complete 
| 171|0x000000008ab00000, 0x000000008ac00000, 0x000000008ac00000|100%| E|CS|TAMS 0x000000008ab00000, 0x000000008ab00000| Complete 
| 172|0x000000008ac00000, 0x000000008ad00000, 0x000000008ad00000|100%| E|CS|TAMS 0x000000008ac00000, 0x000000008ac00000| Complete 
| 173|0x000000008ad00000, 0x000000008ae00000, 0x000000008ae00000|100%| E|CS|TAMS 0x000000008ad00000, 0x000000008ad00000| Complete 
| 174|0x000000008ae00000, 0x000000008af00000, 0x000000008af00000|100%| E|CS|TAMS 0x000000008ae00000, 0x000000008ae00000| Complete 
| 175|0x000000008af00000, 0x000000008b000000, 0x000000008b000000|100%| E|CS|TAMS 0x000000008af00000, 0x000000008af00000| Complete 
| 176|0x000000008b000000, 0x000000008b100000, 0x000000008b100000|100%| E|CS|TAMS 0x000000008b000000, 0x000000008b000000| Complete 
| 177|0x000000008b100000, 0x000000008b200000, 0x000000008b200000|100%| E|CS|TAMS 0x000000008b100000, 0x000000008b100000| Complete 
| 178|0x000000008b200000, 0x000000008b300000, 0x000000008b300000|100%| E|CS|TAMS 0x000000008b200000, 0x000000008b200000| Complete 
| 179|0x000000008b300000, 0x000000008b400000, 0x000000008b400000|100%| E|CS|TAMS 0x000000008b300000, 0x000000008b300000| Complete 
| 180|0x000000008b400000, 0x000000008b500000, 0x000000008b500000|100%| E|CS|TAMS 0x000000008b400000, 0x000000008b400000| Complete 
| 181|0x000000008b500000, 0x000000008b600000, 0x000000008b600000|100%| E|CS|TAMS 0x000000008b500000, 0x000000008b500000| Complete 
| 182|0x000000008b600000, 0x000000008b700000, 0x000000008b700000|100%| E|CS|TAMS 0x000000008b600000, 0x000000008b600000| Complete 
| 183|0x000000008b700000, 0x000000008b800000, 0x000000008b800000|100%| E|CS|TAMS 0x000000008b700000, 0x000000008b700000| Complete 
| 184|0x000000008b800000, 0x000000008b900000, 0x000000008b900000|100%| E|CS|TAMS 0x000000008b800000, 0x000000008b800000| Complete 
| 185|0x000000008b900000, 0x000000008ba00000, 0x000000008ba00000|100%| E|CS|TAMS 0x000000008b900000, 0x000000008b900000| Complete 
| 186|0x000000008ba00000, 0x000000008bb00000, 0x000000008bb00000|100%| E|CS|TAMS 0x000000008ba00000, 0x000000008ba00000| Complete 
| 187|0x000000008bb00000, 0x000000008bc00000, 0x000000008bc00000|100%| E|CS|TAMS 0x000000008bb00000, 0x000000008bb00000| Complete 
| 188|0x000000008bc00000, 0x000000008bd00000, 0x000000008bd00000|100%| E|CS|TAMS 0x000000008bc00000, 0x000000008bc00000| Complete 
| 189|0x000000008bd00000, 0x000000008be00000, 0x000000008be00000|100%| E|CS|TAMS 0x000000008bd00000, 0x000000008bd00000| Complete 
| 190|0x000000008be00000, 0x000000008bf00000, 0x000000008bf00000|100%| E|CS|TAMS 0x000000008be00000, 0x000000008be00000| Complete 
| 191|0x000000008bf00000, 0x000000008c000000, 0x000000008c000000|100%| E|CS|TAMS 0x000000008bf00000, 0x000000008bf00000| Complete 
| 192|0x000000008c000000, 0x000000008c100000, 0x000000008c100000|100%| E|CS|TAMS 0x000000008c000000, 0x000000008c000000| Complete 
| 193|0x000000008c100000, 0x000000008c200000, 0x000000008c200000|100%| E|CS|TAMS 0x000000008c100000, 0x000000008c100000| Complete 
| 194|0x000000008c200000, 0x000000008c300000, 0x000000008c300000|100%| E|CS|TAMS 0x000000008c200000, 0x000000008c200000| Complete 
| 195|0x000000008c300000, 0x000000008c400000, 0x000000008c400000|100%| E|CS|TAMS 0x000000008c300000, 0x000000008c300000| Complete 
| 196|0x000000008c400000, 0x000000008c500000, 0x000000008c500000|100%| E|CS|TAMS 0x000000008c400000, 0x000000008c400000| Complete 
| 197|0x000000008c500000, 0x000000008c600000, 0x000000008c600000|100%| E|CS|TAMS 0x000000008c500000, 0x000000008c500000| Complete 
| 198|0x000000008c600000, 0x000000008c700000, 0x000000008c700000|100%| E|CS|TAMS 0x000000008c600000, 0x000000008c600000| Complete 
| 199|0x000000008c700000, 0x000000008c800000, 0x000000008c800000|100%| E|CS|TAMS 0x000000008c700000, 0x000000008c700000| Complete 
| 200|0x000000008c800000, 0x000000008c900000, 0x000000008c900000|100%| E|CS|TAMS 0x000000008c800000, 0x000000008c800000| Complete 
| 201|0x000000008c900000, 0x000000008ca00000, 0x000000008ca00000|100%| E|CS|TAMS 0x000000008c900000, 0x000000008c900000| Complete 
| 202|0x000000008ca00000, 0x000000008cb00000, 0x000000008cb00000|100%| E|CS|TAMS 0x000000008ca00000, 0x000000008ca00000| Complete 
| 203|0x000000008cb00000, 0x000000008cc00000, 0x000000008cc00000|100%| E|CS|TAMS 0x000000008cb00000, 0x000000008cb00000| Complete 
| 204|0x000000008cc00000, 0x000000008cd00000, 0x000000008cd00000|100%| E|CS|TAMS 0x000000008cc00000, 0x000000008cc00000| Complete 
| 205|0x000000008cd00000, 0x000000008ce00000, 0x000000008ce00000|100%| E|CS|TAMS 0x000000008cd00000, 0x000000008cd00000| Complete 
| 206|0x000000008ce00000, 0x000000008cf00000, 0x000000008cf00000|100%| E|CS|TAMS 0x000000008ce00000, 0x000000008ce00000| Complete 
| 207|0x000000008cf00000, 0x000000008d000000, 0x000000008d000000|100%| E|CS|TAMS 0x000000008cf00000, 0x000000008cf00000| Complete 
| 208|0x000000008d000000, 0x000000008d100000, 0x000000008d100000|100%| E|CS|TAMS 0x000000008d000000, 0x000000008d000000| Complete 
| 209|0x000000008d100000, 0x000000008d200000, 0x000000008d200000|100%| E|CS|TAMS 0x000000008d100000, 0x000000008d100000| Complete 
| 210|0x000000008d200000, 0x000000008d300000, 0x000000008d300000|100%| E|CS|TAMS 0x000000008d200000, 0x000000008d200000| Complete 
| 211|0x000000008d300000, 0x000000008d400000, 0x000000008d400000|100%| E|CS|TAMS 0x000000008d300000, 0x000000008d300000| Complete 
| 212|0x000000008d400000, 0x000000008d500000, 0x000000008d500000|100%| E|CS|TAMS 0x000000008d400000, 0x000000008d400000| Complete 
| 213|0x000000008d500000, 0x000000008d600000, 0x000000008d600000|100%| E|CS|TAMS 0x000000008d500000, 0x000000008d500000| Complete 
| 214|0x000000008d600000, 0x000000008d700000, 0x000000008d700000|100%| E|CS|TAMS 0x000000008d600000, 0x000000008d600000| Complete 
| 215|0x000000008d700000, 0x000000008d800000, 0x000000008d800000|100%| E|CS|TAMS 0x000000008d700000, 0x000000008d700000| Complete 
| 216|0x000000008d800000, 0x000000008d900000, 0x000000008d900000|100%| E|CS|TAMS 0x000000008d800000, 0x000000008d800000| Complete 
| 217|0x000000008d900000, 0x000000008da00000, 0x000000008da00000|100%| E|CS|TAMS 0x000000008d900000, 0x000000008d900000| Complete 
| 218|0x000000008da00000, 0x000000008db00000, 0x000000008db00000|100%| E|CS|TAMS 0x000000008da00000, 0x000000008da00000| Complete 
| 219|0x000000008db00000, 0x000000008dc00000, 0x000000008dc00000|100%| E|CS|TAMS 0x000000008db00000, 0x000000008db00000| Complete 
| 220|0x000000008dc00000, 0x000000008dd00000, 0x000000008dd00000|100%| E|CS|TAMS 0x000000008dc00000, 0x000000008dc00000| Complete 
| 221|0x000000008dd00000, 0x000000008de00000, 0x000000008de00000|100%| E|CS|TAMS 0x000000008dd00000, 0x000000008dd00000| Complete 
| 222|0x000000008de00000, 0x000000008df00000, 0x000000008df00000|100%| E|CS|TAMS 0x000000008de00000, 0x000000008de00000| Complete 
| 223|0x000000008df00000, 0x000000008e000000, 0x000000008e000000|100%| E|CS|TAMS 0x000000008df00000, 0x000000008df00000| Complete 
| 224|0x000000008e000000, 0x000000008e100000, 0x000000008e100000|100%| E|CS|TAMS 0x000000008e000000, 0x000000008e000000| Complete 
| 225|0x000000008e100000, 0x000000008e200000, 0x000000008e200000|100%| E|CS|TAMS 0x000000008e100000, 0x000000008e100000| Complete 
| 226|0x000000008e200000, 0x000000008e300000, 0x000000008e300000|100%| E|CS|TAMS 0x000000008e200000, 0x000000008e200000| Complete 
| 227|0x000000008e300000, 0x000000008e400000, 0x000000008e400000|100%| E|CS|TAMS 0x000000008e300000, 0x000000008e300000| Complete 
| 228|0x000000008e400000, 0x000000008e500000, 0x000000008e500000|100%| E|CS|TAMS 0x000000008e400000, 0x000000008e400000| Complete 
| 229|0x000000008e500000, 0x000000008e600000, 0x000000008e600000|100%| E|CS|TAMS 0x000000008e500000, 0x000000008e500000| Complete 
| 230|0x000000008e600000, 0x000000008e700000, 0x000000008e700000|100%| E|CS|TAMS 0x000000008e600000, 0x000000008e600000| Complete 
| 231|0x000000008e700000, 0x000000008e800000, 0x000000008e800000|100%| E|CS|TAMS 0x000000008e700000, 0x000000008e700000| Complete 
| 232|0x000000008e800000, 0x000000008e858bb0, 0x000000008e900000| 34%| S|CS|TAMS 0x000000008e800000, 0x000000008e800000| Complete 
| 233|0x000000008e900000, 0x000000008ea00000, 0x000000008ea00000|100%| S|CS|TAMS 0x000000008e900000, 0x000000008e900000| Complete 
| 234|0x000000008ea00000, 0x000000008eb00000, 0x000000008eb00000|100%| E|CS|TAMS 0x000000008ea00000, 0x000000008ea00000| Complete 
| 235|0x000000008eb00000, 0x000000008ec00000, 0x000000008ec00000|100%| E|CS|TAMS 0x000000008eb00000, 0x000000008eb00000| Complete 

Card table byte_map: [0x000001effa940000,0x000001effad40000] _byte_map_base: 0x000001effa540000

Marking Bits (Prev, Next): (CMBitMap*) 0x000001eff70ce040, (CMBitMap*) 0x000001eff70ce080
 Prev Bits: [0x000001effb140000, 0x000001effd140000)
 Next Bits: [0x000001effd140000, 0x000001efff140000)

Polling page: 0x000001eff4f90000

Metaspace:

Usage:
  Non-class:     72.34 MB used.
      Class:     11.38 MB used.
       Both:     83.72 MB used.

Virtual space:
  Non-class space:       80.00 MB reserved,      72.69 MB ( 91%) committed,  10 nodes.
      Class space:        1.00 GB reserved,      11.69 MB (  1%) committed,  1 nodes.
             Both:        1.08 GB reserved,      84.38 MB (  8%) committed. 

Chunk freelists:
   Non-Class:  3.25 MB
       Class:  299.00 KB
        Both:  3.54 MB

MaxMetaspaceSize: unlimited
CompressedClassSpaceSize: 1.00 GB
Initial GC threshold: 21.00 MB
Current GC threshold: 138.12 MB
CDS: off
MetaspaceReclaimPolicy: balanced
 - commit_granule_bytes: 65536.
 - commit_granule_words: 8192.
 - virtual_space_node_default_size: 1048576.
 - enlarge_chunks_in_place: 1.
 - new_chunks_are_fully_committed: 0.
 - uncommit_free_chunks: 1.
 - use_allocation_guard: 0.
 - handle_deallocations: 1.


Internal statistics:

num_allocs_failed_limit: 6.
num_arena_births: 884.
num_arena_deaths: 6.
num_vsnodes_births: 11.
num_vsnodes_deaths: 0.
num_space_committed: 1350.
num_space_uncommitted: 0.
num_chunks_returned_to_freelist: 15.
num_chunks_taken_from_freelist: 4056.
num_chunk_merges: 6.
num_chunk_splits: 2593.
num_chunks_enlarged: 1659.
num_purges: 2.
num_inconsistent_stats: 0.

CodeHeap 'non-profiled nmethods': size=120000Kb used=6548Kb max_used=6548Kb free=113452Kb
 bounds [0x000001ef87ad0000, 0x000001ef88140000, 0x000001ef8f000000]
CodeHeap 'profiled nmethods': size=120000Kb used=19976Kb max_used=19976Kb free=100023Kb
 bounds [0x000001ef80000000, 0x000001ef81390000, 0x000001ef87530000]
CodeHeap 'non-nmethods': size=5760Kb used=2377Kb max_used=2463Kb free=3382Kb
 bounds [0x000001ef87530000, 0x000001ef877a0000, 0x000001ef87ad0000]
 total_blobs=11329 nmethods=10421 adapters=817
 compilation: enabled
              stopped_count=0, restarted_count=0
 full_count=0

Compilation events (20 events):
Event: 43.395 Thread 0x000001ef9192d120 11989       1       org.gradle.api.internal.artifacts.repositories.AbstractArtifactRepository::getName (5 bytes)
Event: 43.396 Thread 0x000001ef9192d120 nmethod 11989 0x000001ef88131f90 code [0x000001ef88132120, 0x000001ef881321f8]
Event: 43.398 Thread 0x000001ef9192d120 11990       3       java.io.File::<init> (111 bytes)
Event: 43.400 Thread 0x000001ef9192d120 nmethod 11990 0x000001ef8013c390 code [0x000001ef8013c640, 0x000001ef8013d0b8]
Event: 43.407 Thread 0x000001ef9192c730 11991       4       org.gradle.internal.component.external.model.ConfigurationBoundExternalDependencyMetadata::getSelector (5 bytes)
Event: 43.408 Thread 0x000001ef9192c730 nmethod 11991 0x000001ef88132290 code [0x000001ef88132400, 0x000001ef88132498]
Event: 43.408 Thread 0x000001ef9192d120 11992       3       org.gradle.api.internal.artifacts.repositories.metadata.DefaultMavenImmutableAttributesFactory::sourcesVariant (32 bytes)
Event: 43.410 Thread 0x000001ef9192d120 nmethod 11992 0x000001ef8137f090 code [0x000001ef8137f340, 0x000001ef813804d8]
Event: 43.410 Thread 0x000001ef9192d120 11993       3       org.gradle.api.internal.artifacts.repositories.metadata.DefaultMavenImmutableAttributesFactory$$Lambda$568/0x00000001006a5fd8::<init> (15 bytes)
Event: 43.410 Thread 0x000001ef9192c730 11996       4       org.gradle.internal.component.external.model.DefaultConfigurationMetadata$Builder::withName (7 bytes)
Event: 43.410 Thread 0x000001ef9192d120 nmethod 11993 0x000001ef8013bd90 code [0x000001ef8013bf40, 0x000001ef8013c158]
Event: 43.410 Thread 0x000001ef9192d120 11994       3       org.gradle.api.internal.artifacts.repositories.metadata.DefaultMavenImmutableAttributesFactory::javadocVariant (32 bytes)
Event: 43.412 Thread 0x000001ef9192d120 nmethod 11994 0x000001ef81380a10 code [0x000001ef81380cc0, 0x000001ef81381e58]
Event: 43.412 Thread 0x000001ef9192c730 nmethod 11996 0x000001ef88132590 code [0x000001ef88132700, 0x000001ef88132838]
Event: 43.412 Thread 0x000001ef9192d120 11995       3       org.gradle.api.internal.artifacts.repositories.metadata.DefaultMavenImmutableAttributesFactory$$Lambda$569/0x00000001006a6530::<init> (15 bytes)
Event: 43.413 Thread 0x000001ef9192d120 nmethod 11995 0x000001ef809b1b10 code [0x000001ef809b1cc0, 0x000001ef809b1ed8]
Event: 43.415 Thread 0x000001ef9192d120 11997       3       org.gradle.internal.component.external.model.JavaEcosystemVariantDerivationStrategy::libraryWithSourcesVariant (44 bytes)
Event: 43.416 Thread 0x000001ef9192c730 12000   !   4       java.util.concurrent.ConcurrentHashMap::computeIfAbsent (576 bytes)
Event: 43.416 Thread 0x000001ef9192d120 nmethod 11997 0x000001ef81382390 code [0x000001ef81382620, 0x000001ef81383408]
Event: 43.417 Thread 0x000001ef9192d120 11998       3       org.gradle.internal.component.external.model.JavaEcosystemVariantDerivationStrategy::libraryWithJavadocVariant (44 bytes)

GC Heap History (20 events):
Event: 27.971 GC heap before
{Heap before GC invocations=37 (full 0):
 garbage-first heap   total 106496K, used 80899K [0x0000000080000000, 0x0000000100000000)
  region size 1024K, 26 young (26624K), 4 survivors (4096K)
 Metaspace       used 74837K, committed 75392K, reserved 1114112K
  class space    used 10138K, committed 10432K, reserved 1048576K
}
Event: 27.984 GC heap after
{Heap after GC invocations=38 (full 0):
 garbage-first heap   total 106496K, used 60249K [0x0000000080000000, 0x0000000100000000)
  region size 1024K, 4 young (4096K), 4 survivors (4096K)
 Metaspace       used 74837K, committed 75392K, reserved 1114112K
  class space    used 10138K, committed 10432K, reserved 1048576K
}
Event: 28.109 GC heap before
{Heap before GC invocations=38 (full 0):
 garbage-first heap   total 106496K, used 61273K [0x0000000080000000, 0x0000000100000000)
  region size 1024K, 5 young (5120K), 4 survivors (4096K)
 Metaspace       used 75861K, committed 76416K, reserved 1122304K
  class space    used 10248K, committed 10496K, reserved 1048576K
}
Event: 28.118 GC heap after
{Heap after GC invocations=39 (full 0):
 garbage-first heap   total 128000K, used 60817K [0x0000000080000000, 0x0000000100000000)
  region size 1024K, 1 young (1024K), 1 survivors (1024K)
 Metaspace       used 75861K, committed 76416K, reserved 1122304K
  class space    used 10248K, committed 10496K, reserved 1048576K
}
Event: 29.612 GC heap before
{Heap before GC invocations=39 (full 0):
 garbage-first heap   total 128000K, used 100753K [0x0000000080000000, 0x0000000100000000)
  region size 1024K, 40 young (40960K), 1 survivors (1024K)
 Metaspace       used 80065K, committed 80704K, reserved 1122304K
  class space    used 10876K, committed 11200K, reserved 1048576K
}
Event: 29.622 GC heap after
{Heap after GC invocations=40 (full 0):
 garbage-first heap   total 128000K, used 63324K [0x0000000080000000, 0x0000000100000000)
  region size 1024K, 4 young (4096K), 4 survivors (4096K)
 Metaspace       used 80065K, committed 80704K, reserved 1122304K
  class space    used 10876K, committed 11200K, reserved 1048576K
}
Event: 30.913 GC heap before
{Heap before GC invocations=41 (full 0):
 garbage-first heap   total 128000K, used 101212K [0x0000000080000000, 0x0000000100000000)
  region size 1024K, 41 young (41984K), 4 survivors (4096K)
 Metaspace       used 81222K, committed 81856K, reserved 1122304K
  class space    used 11020K, committed 11328K, reserved 1048576K
}
Event: 30.931 GC heap after
{Heap after GC invocations=42 (full 0):
 garbage-first heap   total 128000K, used 68068K [0x0000000080000000, 0x0000000100000000)
  region size 1024K, 6 young (6144K), 6 survivors (6144K)
 Metaspace       used 81222K, committed 81856K, reserved 1122304K
  class space    used 11020K, committed 11328K, reserved 1048576K
}
Event: 31.493 GC heap before
{Heap before GC invocations=42 (full 0):
 garbage-first heap   total 128000K, used 102884K [0x0000000080000000, 0x0000000100000000)
  region size 1024K, 40 young (40960K), 6 survivors (6144K)
 Metaspace       used 81306K, committed 81920K, reserved 1122304K
  class space    used 11026K, committed 11328K, reserved 1048576K
}
Event: 31.516 GC heap after
{Heap after GC invocations=43 (full 0):
 garbage-first heap   total 128000K, used 73721K [0x0000000080000000, 0x0000000100000000)
  region size 1024K, 5 young (5120K), 5 survivors (5120K)
 Metaspace       used 81306K, committed 81920K, reserved 1122304K
  class space    used 11026K, committed 11328K, reserved 1048576K
}
Event: 33.286 GC heap before
{Heap before GC invocations=44 (full 0):
 garbage-first heap   total 137216K, used 102393K [0x0000000080000000, 0x0000000100000000)
  region size 1024K, 33 young (33792K), 5 survivors (5120K)
 Metaspace       used 83392K, committed 84032K, reserved 1122304K
  class space    used 11420K, committed 11712K, reserved 1048576K
}
Event: 33.306 GC heap after
{Heap after GC invocations=45 (full 0):
 garbage-first heap   total 137216K, used 78344K [0x0000000080000000, 0x0000000100000000)
  region size 1024K, 4 young (4096K), 4 survivors (4096K)
 Metaspace       used 83392K, committed 84032K, reserved 1122304K
  class space    used 11420K, committed 11712K, reserved 1048576K
}
Event: 33.378 GC heap before
{Heap before GC invocations=45 (full 0):
 garbage-first heap   total 137216K, used 80392K [0x0000000080000000, 0x0000000100000000)
  region size 1024K, 6 young (6144K), 4 survivors (4096K)
 Metaspace       used 83601K, committed 84288K, reserved 1122304K
  class space    used 11483K, committed 11776K, reserved 1048576K
}
Event: 33.394 GC heap after
{Heap after GC invocations=46 (full 0):
 garbage-first heap   total 137216K, used 78378K [0x0000000080000000, 0x0000000100000000)
  region size 1024K, 1 young (1024K), 1 survivors (1024K)
 Metaspace       used 83601K, committed 84288K, reserved 1122304K
  class space    used 11483K, committed 11776K, reserved 1048576K
}
Event: 34.570 GC heap before
{Heap before GC invocations=46 (full 0):
 garbage-first heap   total 137216K, used 109098K [0x0000000080000000, 0x0000000100000000)
  region size 1024K, 32 young (32768K), 1 survivors (1024K)
 Metaspace       used 84037K, committed 84672K, reserved 1122304K
  class space    used 11538K, committed 11840K, reserved 1048576K
}
Event: 34.581 GC heap after
{Heap after GC invocations=47 (full 0):
 garbage-first heap   total 241664K, used 79612K [0x0000000080000000, 0x0000000100000000)
  region size 1024K, 2 young (2048K), 2 survivors (2048K)
 Metaspace       used 84037K, committed 84672K, reserved 1122304K
  class space    used 11538K, committed 11840K, reserved 1048576K
}
Event: 40.149 GC heap before
{Heap before GC invocations=48 (full 0):
 garbage-first heap   total 241664K, used 187132K [0x0000000080000000, 0x0000000100000000)
  region size 1024K, 108 young (110592K), 2 survivors (2048K)
 Metaspace       used 85301K, committed 85952K, reserved 1130496K
  class space    used 11622K, committed 11904K, reserved 1048576K
}
Event: 40.170 GC heap after
{Heap after GC invocations=49 (full 0):
 garbage-first heap   total 241664K, used 86618K [0x0000000080000000, 0x0000000100000000)
  region size 1024K, 9 young (9216K), 9 survivors (9216K)
 Metaspace       used 85301K, committed 85952K, reserved 1130496K
  class space    used 11622K, committed 11904K, reserved 1048576K
}
Event: 40.197 GC heap before
{Heap before GC invocations=49 (full 0):
 garbage-first heap   total 241664K, used 87642K [0x0000000080000000, 0x0000000100000000)
  region size 1024K, 11 young (11264K), 9 survivors (9216K)
 Metaspace       used 85301K, committed 85952K, reserved 1130496K
  class space    used 11622K, committed 11904K, reserved 1048576K
}
Event: 40.215 GC heap after
{Heap after GC invocations=50 (full 0):
 garbage-first heap   total 241664K, used 87392K [0x0000000080000000, 0x0000000100000000)
  region size 1024K, 2 young (2048K), 2 survivors (2048K)
 Metaspace       used 85301K, committed 85952K, reserved 1130496K
  class space    used 11622K, committed 11904K, reserved 1048576K
}

Dll operation events (2 events):
Event: 0.014 Loaded shared library C:\Program Files\Android\Android Studio\jbr\bin\java.dll
Event: 1.144 Loaded shared library C:\Program Files\Android\Android Studio\jbr\bin\verify.dll

Deoptimization events (20 events):
Event: 42.779 Thread 0x000001ef91e9c740 DEOPT PACKING pc=0x000001ef87e644bc sp=0x0000001d0e1fc930
Event: 42.779 Thread 0x000001ef91e9c740 DEOPT UNPACKING pc=0x000001ef875869a3 sp=0x0000001d0e1fc870 mode 2
Event: 42.779 Thread 0x000001ef91e9c740 Uncommon trap: trap_request=0xffffffde fr.pc=0x000001ef87dbf630 relative=0x0000000000000770
Event: 42.779 Thread 0x000001ef91e9c740 Uncommon trap: reason=class_check action=maybe_recompile pc=0x000001ef87dbf630 method=org.gradle.internal.snapshot.ChildMap$Entry.handleAncestorDescendantOrExactMatch(Lorg/gradle/internal/snapshot/VfsRelativePath;Lorg/gradle/internal/snapshot/CaseSensitiv
Event: 42.779 Thread 0x000001ef91e9c740 DEOPT PACKING pc=0x000001ef87dbf630 sp=0x0000001d0e1fc6b0
Event: 42.779 Thread 0x000001ef91e9c740 DEOPT UNPACKING pc=0x000001ef875869a3 sp=0x0000001d0e1fc680 mode 2
Event: 42.825 Thread 0x000001ef91e9c740 Uncommon trap: trap_request=0xffffffde fr.pc=0x000001ef880eb268 relative=0x0000000000000728
Event: 42.825 Thread 0x000001ef91e9c740 Uncommon trap: reason=class_check action=maybe_recompile pc=0x000001ef880eb268 method=java.security.MessageDigest$Delegate.clone()Ljava/lang/Object; @ 15 c2
Event: 42.825 Thread 0x000001ef91e9c740 DEOPT PACKING pc=0x000001ef880eb268 sp=0x0000001d0e1fc130
Event: 42.825 Thread 0x000001ef91e9c740 DEOPT UNPACKING pc=0x000001ef875869a3 sp=0x0000001d0e1fc108 mode 2
Event: 42.873 Thread 0x000001ef91ea2780 Uncommon trap: trap_request=0xffffffde fr.pc=0x000001ef88082658 relative=0x0000000000002fd8
Event: 42.873 Thread 0x000001ef91ea2780 Uncommon trap: reason=class_check action=maybe_recompile pc=0x000001ef88082658 method=org.gradle.internal.snapshot.impl.AbstractValueProcessor.processValue(Ljava/lang/Object;Lorg/gradle/internal/snapshot/impl/AbstractValueProcessor$ValueVisitor;)Ljava/lan
Event: 42.873 Thread 0x000001ef91ea2780 DEOPT PACKING pc=0x000001ef88082658 sp=0x0000001d0e0fbc00
Event: 42.874 Thread 0x000001ef91ea2780 DEOPT UNPACKING pc=0x000001ef875869a3 sp=0x0000001d0e0fbbe0 mode 2
Event: 42.877 Thread 0x000001ef91ea2780 Uncommon trap: trap_request=0xffffffde fr.pc=0x000001ef8811775c relative=0x0000000000008d3c
Event: 42.878 Thread 0x000001ef91ea2780 Uncommon trap: reason=class_check action=maybe_recompile pc=0x000001ef8811775c method=java.io.ObjectOutputStream.writeObject0(Ljava/lang/Object;Z)V @ 482 c2
Event: 42.878 Thread 0x000001ef91ea2780 DEOPT PACKING pc=0x000001ef8811775c sp=0x0000001d0e0fb810
Event: 42.878 Thread 0x000001ef91ea2780 DEOPT UNPACKING pc=0x000001ef875869a3 sp=0x0000001d0e0fb838 mode 2
Event: 43.273 Thread 0x000001ef91ea2780 DEOPT PACKING pc=0x000001ef810503f0 sp=0x0000001d0e0f9ff0
Event: 43.273 Thread 0x000001ef91ea2780 DEOPT UNPACKING pc=0x000001ef87587143 sp=0x0000001d0e0f9488 mode 0

Classes unloaded (3 events):
Event: 34.894 Thread 0x000001efff61f570 Unloading class 0x0000000100b74800 'java/lang/invoke/LambdaForm$DMH+0x0000000100b74800'
Event: 34.894 Thread 0x000001efff61f570 Unloading class 0x0000000100b74c00 'java/lang/invoke/LambdaForm$DMH+0x0000000100b74c00'
Event: 34.894 Thread 0x000001efff61f570 Unloading class 0x0000000100b74400 'java/lang/invoke/LambdaForm$DMH+0x0000000100b74400'

Classes redefined (0 events):
No events

Internal exceptions (20 events):
Event: 33.177 Thread 0x000001ef91ea2c50 Exception <a 'java/lang/NoSuchMethodError'{0x0000000086d29d48}: 'void java.lang.invoke.DirectMethodHandle$Holder.invokeStatic(java.lang.Object, java.lang.Object, java.lang.Object, java.lang.Object, int, java.lang.Object, java.lang.Object)'> (0x0000000086d29d48) 
thrown [s\src\hotspot\share\interpreter\linkResolver.cpp, line 771]
Event: 33.262 Thread 0x000001ef943873c0 Exception <a 'java/lang/NoSuchMethodError'{0x0000000086a54188}: 'java.lang.Object java.lang.invoke.DirectMethodHandle$Holder.invokeSpecialIFC(java.lang.Object, java.lang.Object, java.lang.Object)'> (0x0000000086a54188) 
thrown [s\src\hotspot\share\interpreter\linkResolver.cpp, line 771]
Event: 33.262 Thread 0x000001ef94386550 Exception <a 'java/lang/NoSuchMethodError'{0x0000000086a49b30}: 'java.lang.Object java.lang.invoke.DirectMethodHandle$Holder.invokeSpecialIFC(java.lang.Object, java.lang.Object, java.lang.Object)'> (0x0000000086a49b30) 
thrown [s\src\hotspot\share\interpreter\linkResolver.cpp, line 771]
Event: 33.262 Thread 0x000001ef91e9d5b0 Exception <a 'java/lang/NoSuchMethodError'{0x0000000086a42eb0}: 'java.lang.Object java.lang.invoke.DirectMethodHandle$Holder.invokeSpecialIFC(java.lang.Object, java.lang.Object, java.lang.Object)'> (0x0000000086a42eb0) 
thrown [s\src\hotspot\share\interpreter\linkResolver.cpp, line 771]
Event: 33.262 Thread 0x000001ef91ea2c50 Exception <a 'java/lang/NoSuchMethodError'{0x0000000086bfc180}: 'java.lang.Object java.lang.invoke.DirectMethodHandle$Holder.invokeSpecialIFC(java.lang.Object, java.lang.Object, java.lang.Object)'> (0x0000000086bfc180) 
thrown [s\src\hotspot\share\interpreter\linkResolver.cpp, line 771]
Event: 33.339 Thread 0x000001ef91e9d5b0 Exception <a 'java/lang/NoSuchMethodError'{0x00000000885afa40}: 'void java.lang.invoke.DirectMethodHandle$Holder.invokeStatic(java.lang.Object, java.lang.Object, java.lang.Object, java.lang.Object, java.lang.Object, java.lang.Object)'> (0x00000000885afa40) 
thrown [s\src\hotspot\share\interpreter\linkResolver.cpp, line 771]
Event: 33.339 Thread 0x000001ef91ea2c50 Exception <a 'java/lang/NoSuchMethodError'{0x00000000885a9bf8}: 'void java.lang.invoke.DirectMethodHandle$Holder.invokeStatic(java.lang.Object, java.lang.Object, java.lang.Object, java.lang.Object, java.lang.Object, java.lang.Object)'> (0x00000000885a9bf8) 
thrown [s\src\hotspot\share\interpreter\linkResolver.cpp, line 771]
Event: 33.339 Thread 0x000001ef943873c0 Exception <a 'java/lang/NoSuchMethodError'{0x00000000885b63b0}: 'void java.lang.invoke.DirectMethodHandle$Holder.invokeStatic(java.lang.Object, java.lang.Object, java.lang.Object, java.lang.Object, java.lang.Object, java.lang.Object)'> (0x00000000885b63b0) 
thrown [s\src\hotspot\share\interpreter\linkResolver.cpp, line 771]
Event: 33.339 Thread 0x000001ef94386550 Exception <a 'java/lang/NoSuchMethodError'{0x00000000885b02b8}: 'void java.lang.invoke.DirectMethodHandle$Holder.invokeStatic(java.lang.Object, java.lang.Object, java.lang.Object, java.lang.Object, java.lang.Object, java.lang.Object)'> (0x00000000885b02b8) 
thrown [s\src\hotspot\share\interpreter\linkResolver.cpp, line 771]
Event: 33.405 Thread 0x000001ef91e9d5b0 Exception <a 'java/lang/NoSuchMethodError'{0x0000000088537990}: 'int java.lang.invoke.DirectMethodHandle$Holder.invokeStaticInit(java.lang.Object, java.lang.Object, java.lang.Object, java.lang.Object, java.lang.Object)'> (0x0000000088537990) 
thrown [s\src\hotspot\share\interpreter\linkResolver.cpp, line 771]
Event: 35.449 Thread 0x000001ef91e9f760 Exception <a 'java/lang/NoSuchMethodError'{0x000000008d74f568}: 'void java.lang.invoke.DirectMethodHandle$Holder.invokeInterface(java.lang.Object, java.lang.Object, java.lang.Object, java.lang.Object)'> (0x000000008d74f568) 
thrown [s\src\hotspot\share\interpreter\linkResolver.cpp, line 771]
Event: 36.375 Thread 0x000001ef94386550 Implicit null exception at 0x000001ef87cf0988 to 0x000001ef87cf1418
Event: 37.287 Thread 0x000001ef91e9c740 Exception <a 'java/lang/NoSuchMethodError'{0x000000008bbcc5d8}: static Lcom/android/build/gradle/internal/scope/InternalArtifactType;.<clinit>()V> (0x000000008bbcc5d8) 
thrown [s\src\hotspot\share\prims\jni.cpp, line 1108]
Event: 37.287 Thread 0x000001ef91e9c740 Exception <a 'java/lang/NoSuchMethodError'{0x000000008bbcdd30}: static Lcom/android/build/gradle/internal/scope/InternalArtifactType;.<clinit>()V> (0x000000008bbcdd30) 
thrown [s\src\hotspot\share\prims\jni.cpp, line 1108]
Event: 37.287 Thread 0x000001ef91e9c740 Exception <a 'java/lang/NoSuchMethodError'{0x000000008bbd0ed0}: static Lcom/android/build/api/artifact/Artifact$Single;.<clinit>()V> (0x000000008bbd0ed0) 
thrown [s\src\hotspot\share\prims\jni.cpp, line 1108]
Event: 37.288 Thread 0x000001ef91e9c740 Exception <a 'java/lang/NoSuchMethodError'{0x000000008bbd3460}: static Ljava/lang/Object;.<clinit>()V> (0x000000008bbd3460) 
thrown [s\src\hotspot\share\prims\jni.cpp, line 1108]
Event: 37.291 Thread 0x000001ef91e9c740 Exception <a 'java/lang/NoSuchMethodError'{0x000000008bbea3e0}: static Lcom/android/build/api/artifact/ArtifactKind;.<clinit>()V> (0x000000008bbea3e0) 
thrown [s\src\hotspot\share\prims\jni.cpp, line 1108]
Event: 37.292 Thread 0x000001ef91e9c740 Exception <a 'java/lang/NoSuchMethodError'{0x000000008bbeb5a0}: static Lcom/android/build/api/artifact/ArtifactKind;.<clinit>()V> (0x000000008bbeb5a0) 
thrown [s\src\hotspot\share\prims\jni.cpp, line 1108]
Event: 42.877 Thread 0x000001ef91ea2780 Exception <a 'java/lang/NoSuchMethodError'{0x000000008a97eee0}: static Ljava/lang/Object;.<clinit>()V> (0x000000008a97eee0) 
thrown [s\src\hotspot\share\prims\jni.cpp, line 1108]
Event: 42.880 Thread 0x000001ef91ea2780 Exception <a 'java/lang/NoSuchMethodError'{0x000000008a9903c0}: static Lcom/android/build/gradle/internal/testing/utp/RetentionConfig;.<clinit>()V> (0x000000008a9903c0) 
thrown [s\src\hotspot\share\prims\jni.cpp, line 1108]

VM Operations (20 events):
Event: 37.600 Executing VM operation: ICBufferFull
Event: 37.601 Executing VM operation: ICBufferFull done
Event: 38.586 Executing VM operation: ICBufferFull
Event: 38.586 Executing VM operation: ICBufferFull done
Event: 39.171 Executing VM operation: ICBufferFull
Event: 39.171 Executing VM operation: ICBufferFull done
Event: 39.632 Executing VM operation: ICBufferFull
Event: 39.632 Executing VM operation: ICBufferFull done
Event: 40.149 Executing VM operation: G1CollectForAllocation
Event: 40.171 Executing VM operation: G1CollectForAllocation done
Event: 40.197 Executing VM operation: G1CollectForAllocation
Event: 40.216 Executing VM operation: G1CollectForAllocation done
Event: 41.225 Executing VM operation: Cleanup
Event: 41.248 Executing VM operation: Cleanup done
Event: 42.251 Executing VM operation: Cleanup
Event: 42.256 Executing VM operation: Cleanup done
Event: 43.224 Executing VM operation: ICBufferFull
Event: 43.225 Executing VM operation: ICBufferFull done
Event: 43.386 Executing VM operation: HandshakeAllThreads
Event: 43.386 Executing VM operation: HandshakeAllThreads done

Events (20 events):
Event: 35.402 Thread 0x000001ef9192df00 flushing nmethod 0x000001ef810a9610
Event: 35.403 Thread 0x000001ef9192df00 flushing nmethod 0x000001ef810b6890
Event: 35.403 Thread 0x000001ef9192df00 flushing nmethod 0x000001ef810bb010
Event: 35.403 Thread 0x000001ef9192df00 flushing nmethod 0x000001ef810c1910
Event: 35.403 Thread 0x000001ef9192df00 flushing nmethod 0x000001ef810c2690
Event: 35.403 Thread 0x000001ef9192df00 flushing nmethod 0x000001ef81102810
Event: 35.403 Thread 0x000001ef9192df00 flushing nmethod 0x000001ef81109e10
Event: 37.278 loading class java/util/concurrent/ConcurrentSkipListMap$KeySet
Event: 37.279 loading class java/util/concurrent/ConcurrentSkipListMap$KeySet done
Event: 37.279 loading class java/util/concurrent/ConcurrentSkipListMap$KeyIterator
Event: 37.279 loading class java/util/concurrent/ConcurrentSkipListMap$KeyIterator done
Event: 41.890 loading class java/nio/file/FileTreeWalker$1
Event: 41.890 loading class java/nio/file/FileTreeWalker$1 done
Event: 43.084 Thread 0x000001ef94c325d0 Thread exited: 0x000001ef94c325d0
Event: 43.393 Thread 0x000001ef9192df00 flushing nmethod 0x000001ef8013bd90
Event: 43.404 Thread 0x000001ef9192df00 flushing nmethod 0x000001ef8098c990
Event: 43.405 Thread 0x000001ef9192df00 flushing nmethod 0x000001ef809b1b10
Event: 43.405 Thread 0x000001ef9192df00 flushing nmethod 0x000001ef80a00110
Event: 43.405 Thread 0x000001ef9192df00 flushing nmethod 0x000001ef80a34810
Event: 43.408 Thread 0x000001ef9192df00 flushing nmethod 0x000001ef80c16010


Dynamic libraries:
0x00007ff686b10000 - 0x00007ff686b1a000 	C:\Program Files\Android\Android Studio\jbr\bin\java.exe
0x00007ffbd7450000 - 0x00007ffbd7648000 	C:\Windows\SYSTEM32\ntdll.dll
0x00007ffbaf0d0000 - 0x00007ffbaf0e9000 	C:\Program Files\Avast Software\Avast\aswhook.dll
0x00007ffbd6b80000 - 0x00007ffbd6c3d000 	C:\Windows\System32\KERNEL32.DLL
0x00007ffbd4c70000 - 0x00007ffbd4f3e000 	C:\Windows\System32\KERNELBASE.dll
0x00007ffbd4b70000 - 0x00007ffbd4c70000 	C:\Windows\System32\ucrtbase.dll
0x00007ffbb10b0000 - 0x00007ffbb10cb000 	C:\Program Files\Android\Android Studio\jbr\bin\VCRUNTIME140.dll
0x00007ffbcc850000 - 0x00007ffbcc867000 	C:\Program Files\Android\Android Studio\jbr\bin\jli.dll
0x00007ffbd71a0000 - 0x00007ffbd7340000 	C:\Windows\System32\USER32.dll
0x00007ffbd50d0000 - 0x00007ffbd50f2000 	C:\Windows\System32\win32u.dll
0x00007ffbd3e60000 - 0x00007ffbd40fa000 	C:\Windows\WinSxS\amd64_microsoft.windows.common-controls_6595b64144ccf1df_6.0.19041.1110_none_60b5254171f9507e\COMCTL32.dll
0x00007ffbd6370000 - 0x00007ffbd639a000 	C:\Windows\System32\GDI32.dll
0x00007ffbd5dc0000 - 0x00007ffbd5e5e000 	C:\Windows\System32\msvcrt.dll
0x00007ffbd53a0000 - 0x00007ffbd54ab000 	C:\Windows\System32\gdi32full.dll
0x00007ffbd5300000 - 0x00007ffbd539d000 	C:\Windows\System32\msvcp_win.dll
0x00007ffbd73e0000 - 0x00007ffbd7410000 	C:\Windows\System32\IMM32.DLL
0x00007ffbc5e00000 - 0x00007ffbc5e0c000 	C:\Program Files\Android\Android Studio\jbr\bin\vcruntime140_1.dll
0x00007ffba5d00000 - 0x00007ffba5d8d000 	C:\Program Files\Android\Android Studio\jbr\bin\msvcp140.dll
0x00007ffb9b050000 - 0x00007ffb9bcbe000 	C:\Program Files\Android\Android Studio\jbr\bin\server\jvm.dll
0x00007ffbd5d10000 - 0x00007ffbd5dbe000 	C:\Windows\System32\ADVAPI32.dll
0x00007ffbd7340000 - 0x00007ffbd73dc000 	C:\Windows\System32\sechost.dll
0x00007ffbd6c40000 - 0x00007ffbd6d65000 	C:\Windows\System32\RPCRT4.dll
0x00007ffbbc690000 - 0x00007ffbbc6b7000 	C:\Windows\SYSTEM32\WINMM.dll
0x00007ffbc53e0000 - 0x00007ffbc53e9000 	C:\Windows\SYSTEM32\WSOCK32.dll
0x00007ffbd25e0000 - 0x00007ffbd25ea000 	C:\Windows\SYSTEM32\VERSION.dll
0x00007ffbd66a0000 - 0x00007ffbd670b000 	C:\Windows\System32\WS2_32.dll
0x00007ffbd2d70000 - 0x00007ffbd2d82000 	C:\Windows\SYSTEM32\kernel.appcore.dll
0x00007ffbd2640000 - 0x00007ffbd264a000 	C:\Program Files\Android\Android Studio\jbr\bin\jimage.dll
0x00007ffbd44e0000 - 0x00007ffbd46c4000 	C:\Windows\SYSTEM32\DBGHELP.DLL
0x00007ffbd41f0000 - 0x00007ffbd421c000 	C:\Windows\SYSTEM32\dbgcore.DLL
0x00007ffbd51c0000 - 0x00007ffbd5242000 	C:\Windows\System32\bcryptPrimitives.dll
0x00007ffbccb60000 - 0x00007ffbccb85000 	C:\Program Files\Android\Android Studio\jbr\bin\java.dll
0x00007ffbccb40000 - 0x00007ffbccb58000 	C:\Program Files\Android\Android Studio\jbr\bin\zip.dll
0x00007ffbd55c0000 - 0x00007ffbd5d04000 	C:\Windows\System32\SHELL32.dll
0x00007ffbd1d90000 - 0x00007ffbd2524000 	C:\Windows\SYSTEM32\windows.storage.dll
0x00007ffbd5f40000 - 0x00007ffbd6294000 	C:\Windows\System32\combase.dll
0x00007ffbd3dc0000 - 0x00007ffbd3df0000 	C:\Windows\SYSTEM32\Wldp.dll
0x00007ffbd54b0000 - 0x00007ffbd555d000 	C:\Windows\System32\SHCORE.dll
0x00007ffbd6ea0000 - 0x00007ffbd6ef5000 	C:\Windows\System32\shlwapi.dll
0x00007ffbd4ab0000 - 0x00007ffbd4acf000 	C:\Windows\SYSTEM32\profapi.dll
0x00007ffbccaa0000 - 0x00007ffbccab9000 	C:\Program Files\Android\Android Studio\jbr\bin\net.dll
0x00007ffbc6540000 - 0x00007ffbc664a000 	C:\Windows\SYSTEM32\WINHTTP.dll
0x00007ffbd3cf0000 - 0x00007ffbd3d5a000 	C:\Windows\system32\mswsock.dll
0x00007ffbcc8e0000 - 0x00007ffbcc8f6000 	C:\Program Files\Android\Android Studio\jbr\bin\nio.dll
0x00007ffbd1960000 - 0x00007ffbd1970000 	C:\Program Files\Android\Android Studio\jbr\bin\verify.dll
0x00007ffbaf110000 - 0x00007ffbaf137000 	C:\Users\user\.gradle\native\e1d6ef7f7dcc3fd88c89a11ec53ec762bb8ba0a96d01ffa2cd45eb1d1d8dd5c5\windows-amd64\native-platform.dll
0x00007ffba5570000 - 0x00007ffba56b4000 	C:\Users\user\.gradle\native\0d407fdbe67a94daf76414ababcb853783967236a71b16ec16e742cd7a986fd3\windows-amd64\native-platform-file-events.dll
0x00007ffbcd4d0000 - 0x00007ffbcd4d9000 	C:\Program Files\Android\Android Studio\jbr\bin\management.dll
0x00007ffbcd0b0000 - 0x00007ffbcd0bb000 	C:\Program Files\Android\Android Studio\jbr\bin\management_ext.dll
0x00007ffbd6f00000 - 0x00007ffbd6f08000 	C:\Windows\System32\PSAPI.DLL
0x00007ffbd4830000 - 0x00007ffbd4848000 	C:\Windows\SYSTEM32\CRYPTSP.dll
0x00007ffbd3540000 - 0x00007ffbd3574000 	C:\Windows\system32\rsaenh.dll
0x00007ffbd4f40000 - 0x00007ffbd4f67000 	C:\Windows\System32\bcrypt.dll
0x00007ffbd4a70000 - 0x00007ffbd4a9e000 	C:\Windows\SYSTEM32\USERENV.dll
0x00007ffbd3d80000 - 0x00007ffbd3d8c000 	C:\Windows\SYSTEM32\CRYPTBASE.dll
0x00007ffbd3890000 - 0x00007ffbd38cb000 	C:\Windows\SYSTEM32\IPHLPAPI.DLL
0x00007ffbd63c0000 - 0x00007ffbd63c8000 	C:\Windows\System32\NSI.dll
0x00007ffbc9bb0000 - 0x00007ffbc9bc7000 	C:\Windows\SYSTEM32\dhcpcsvc6.DLL
0x00007ffbcb120000 - 0x00007ffbcb13d000 	C:\Windows\SYSTEM32\dhcpcsvc.DLL
0x00007ffbd38d0000 - 0x00007ffbd399b000 	C:\Windows\SYSTEM32\DNSAPI.dll
0x00007ffbccbe0000 - 0x00007ffbccbe7000 	C:\Windows\system32\wshunix.dll

dbghelp: loaded successfully - version: 4.0.5 - missing functions: none
symbol engine: initialized successfully - sym options: 0x614 - pdb path: .;C:\Program Files\Android\Android Studio\jbr\bin;C:\Windows\SYSTEM32;C:\Program Files\Avast Software\Avast;C:\Windows\WinSxS\amd64_microsoft.windows.common-controls_6595b64144ccf1df_6.0.19041.1110_none_60b5254171f9507e;C:\Program Files\Android\Android Studio\jbr\bin\server;C:\Users\user\.gradle\native\e1d6ef7f7dcc3fd88c89a11ec53ec762bb8ba0a96d01ffa2cd45eb1d1d8dd5c5\windows-amd64;C:\Users\user\.gradle\native\0d407fdbe67a94daf76414ababcb853783967236a71b16ec16e742cd7a986fd3\windows-amd64

VM Arguments:
jvm_args: --add-opens=java.base/java.util=ALL-UNNAMED --add-opens=java.base/java.lang=ALL-UNNAMED --add-opens=java.base/java.lang.invoke=ALL-UNNAMED --add-opens=java.base/java.util=ALL-UNNAMED --add-opens=java.prefs/java.util.prefs=ALL-UNNAMED --add-opens=java.prefs/java.util.prefs=ALL-UNNAMED --add-opens=java.base/java.nio.charset=ALL-UNNAMED --add-opens=java.base/java.net=ALL-UNNAMED --add-opens=java.base/java.util.concurrent.atomic=ALL-UNNAMED -Xmx2048m -Dfile.encoding=UTF-8 -Duser.country=RU -Duser.language=ru -Duser.variant 
java_command: org.gradle.launcher.daemon.bootstrap.GradleDaemon 7.5
java_class_path (initial): C:\Users\user\.gradle\wrapper\dists\gradle-7.5-bin\f1w0cc9nuo0eivz97x2xlu9sv\gradle-7.5\lib\gradle-launcher-7.5.jar
Launcher Type: SUN_STANDARD

[Global flags]
     intx CICompilerCount                          = 3                                         {product} {ergonomic}
     uint ConcGCThreads                            = 1                                         {product} {ergonomic}
     uint G1ConcRefinementThreads                  = 4                                         {product} {ergonomic}
   size_t G1HeapRegionSize                         = 1048576                                   {product} {ergonomic}
    uintx GCDrainStackTargetSize                   = 64                                        {product} {ergonomic}
   size_t InitialHeapSize                          = 134217728                                 {product} {ergonomic}
   size_t MarkStackSize                            = 4194304                                   {product} {ergonomic}
   size_t MaxHeapSize                              = 2147483648                                {product} {command line}
   size_t MaxNewSize                               = 1287651328                                {product} {ergonomic}
   size_t MinHeapDeltaBytes                        = 1048576                                   {product} {ergonomic}
   size_t MinHeapSize                              = 8388608                                   {product} {ergonomic}
    uintx NonNMethodCodeHeapSize                   = 5832780                                {pd product} {ergonomic}
    uintx NonProfiledCodeHeapSize                  = 122912730                              {pd product} {ergonomic}
    uintx ProfiledCodeHeapSize                     = 122912730                              {pd product} {ergonomic}
    uintx ReservedCodeCacheSize                    = 251658240                              {pd product} {ergonomic}
     bool SegmentedCodeCache                       = true                                      {product} {ergonomic}
   size_t SoftMaxHeapSize                          = 2147483648                             {manageable} {ergonomic}
     bool UseCompressedClassPointers               = true                           {product lp64_product} {ergonomic}
     bool UseCompressedOops                        = true                           {product lp64_product} {ergonomic}
     bool UseG1GC                                  = true                                      {product} {ergonomic}
     bool UseLargePagesIndividualAllocation        = false                                  {pd product} {ergonomic}

Logging:
Log output configuration:
 #0: stdout all=warning uptime,level,tags
 #1: stderr all=off uptime,level,tags

Environment Variables:
JAVA_HOME=C:\Program Files\Eclipse Adoptium\jdk-11.0.19.7-hotspot\
PATH=C:\Program Files\Eclipse Adoptium\jdk-11.0.19.7-hotspot\bin;C:\Windows\system32;C:\Windows;C:\Windows\System32\Wbem;C:\Windows\System32\WindowsPowerShell\v1.0\;C:\Windows\System32\OpenSSH\;C:\Program Files\7-Zip;C:\Program Files\Git\cmd;C:\Program Files\Docker\Docker\resources\bin;C:\Program Files\nodejs\;C:\Users\user\AppData\Local\Microsoft\WindowsApps;;C:\Users\user\AppData\Local\Programs\Microsoft VS Code\bin;C:\Program Files\JetBrains\IntelliJ IDEA 2023.1.3\bin;;C:\Program Files\JetBrains\IntelliJ IDEA Community Edition 2023.2\bin;;C:\Users\user\AppData\Roaming\npm
USERNAME=user
OS=Windows_NT
PROCESSOR_IDENTIFIER=Intel64 Family 6 Model 42 Stepping 7, GenuineIntel
TMP=C:\Users\user\AppData\Local\Temp
TEMP=C:\Users\user\AppData\Local\Temp


JNI global refs:
JNI global refs: 25, weak refs: 0

JNI global refs memory usage: 843, weak refs: 841


---------------  S Y S T E M  ---------------

OS:
 Windows 10 , 64 bit Build 19041 (10.0.19041.1806)
OS uptime: 3 days 22:25 hours
Hyper-V role detected

CPU: total 4 (initial active 4) (2 cores per cpu, 2 threads per core) family 6 model 42 stepping 7 microcode 0x2f, cx8, cmov, fxsr, ht, mmx, sse, sse2, sse3, ssse3, sse4.1, sse4.2, popcnt, tsc, tscinvbit, avx, aes, clmul, vzeroupper, clflush, hv

Memory: 4k page, system-wide physical 8139M (1114M free)
TotalPageFile size 13771M (AvailPageFile size 5869M)
current process WorkingSet (physical memory assigned to process): 473M, peak: 487M
current process commit charge ("private bytes"): 500M, peak: 519M

vm_info: OpenJDK 64-Bit Server VM (17.0.6+0-b2043.56-10027231) for windows-amd64 JRE (17.0.6+0-b2043.56-10027231), built on Apr 28 2023 00:43:19 by "androidbuild" with MS VC++ 16.10 / 16.11 (VS2019)

END.
